[ 2019-01-13 16:09:11 ] INFO CARTOLA_DADOS::iniciado 
[ 2019-01-13 16:09:11 ] INFO CARTOLA_DADOS::obtem dados do mercado 
[ 2019-01-13 16:09:26 ] INFO CARTOLA_DADOS::obtem dados das partidas atuais 
[ 2019-01-13 16:09:29 ] INFO CARTOLA_DADOS::obtem dados das partidas anteriores 
[ 2019-01-13 16:15:31 ] INFO CARTOLA_DADOS::obtem informacoes gerais dos jogadores 
[ 2019-01-13 20:57:54 ] INFO CARTOLA_DADOS::iniciado 
[ 2019-01-13 20:57:55 ] INFO CARTOLA_DADOS::obtem dados do mercado 
[ 2019-01-13 20:58:01 ] INFO CARTOLA_DADOS::obtem dados das partidas atuais 
[ 2019-01-13 20:58:02 ] INFO CARTOLA_DADOS::obtem dados das partidas anteriores 
[ 2019-01-13 20:59:03 ] INFO CARTOLA_DADOS::obtem informacoes gerais dos jogadores 
[ 2019-01-13 20:59:05 ] INFO CARTOLA_DADOS::obtem precos dos jogadores 
[ 2019-01-13 20:59:06 ] INFO CARTOLA_DADOS::obtem labels posicoes 
[ 2019-01-13 20:59:06 ] INFO CARTOLA_DADOS::obtem labels status 
[ 2019-01-13 20:59:07 ] INFO CARTOLA_DADOS::obtem labels clubes 
[ 2019-01-13 20:59:08 ] INFO CARTOLA_DADOS::obtem scouts 
[ 2019-01-14 07:32:26 ] INFO CARTOLA_DADOS::iniciado 
[ 2019-01-14 07:32:27 ] INFO CARTOLA_DADOS::obtem dados do mercado 
[ 2019-01-14 07:32:37 ] INFO CARTOLA_DADOS::obtem dados das partidas atuais 
[ 2019-01-14 07:32:38 ] INFO CARTOLA_DADOS::obtem dados das partidas anteriores 
[ 2019-01-14 07:32:46 ] INFO CARTOLA_DADOS::obtem informacoes gerais dos jogadores 
[ 2019-01-14 07:32:46 ] INFO CARTOLA_DADOS::obtem precos dos jogadores 
[ 2019-01-14 07:32:46 ] INFO CARTOLA_DADOS::obtem labels posicoes 
[ 2019-01-14 07:32:46 ] INFO CARTOLA_DADOS::obtem labels status 
[ 2019-01-14 07:32:46 ] INFO CARTOLA_DADOS::obtem labels clubes 
[ 2019-01-14 07:32:46 ] INFO CARTOLA_DADOS::obtem scouts 
[ 2019-01-14 07:32:50 ] INFO CARTOLA_DADOS::obtem partidas 
[ 2019-01-14 09:11:32 ] INFO CARTOLA_DADOS::iniciado 
[ 2019-01-14 09:11:32 ] INFO CARTOLA_DADOS::obtem dados do mercado 
[ 2019-01-14 09:11:39 ] INFO CARTOLA_DADOS::obtem dados das partidas atuais 
[ 2019-01-14 09:11:41 ] INFO CARTOLA_DADOS::obtem dados das partidas anteriores 
[ 2019-04-26 16:57:20 ] INFO CARTOLA_DADOS::iniciado 
[ 2019-04-26 16:57:20 ] INFO CARTOLA_DADOS::obtem dados do mercado 
[ 2019-04-26 16:59:24 ] INFO CARTOLA_DADOS::iniciado 
[ 2019-04-26 16:59:24 ] INFO CARTOLA_DADOS::obtem dados do mercado 
[ 2019-05-01 12:07:25 ] INFO CARTOLA_DADOS::iniciado 
[ 2019-05-01 12:07:25 ] INFO CARTOLA_DADOS::obtem dados do mercado 
[ 2019-05-01 12:07:35 ] INFO CARTOLA_DADOS::obtem dados das partidas atuais 
[ 2019-05-01 12:30:47 ] INFO CARTOLA_DADOS::iniciado 
[ 2019-05-01 12:30:47 ] INFO CARTOLA_DADOS::obtem dados do mercado 
[ 2019-05-01 12:30:54 ] INFO CARTOLA_DADOS::obtem dados das partidas atuais 
[ 2019-05-01 12:30:54 ] INFO CARTOLA_DADOS::obtem dados das partidas anteriores 
[ 2019-05-01 12:35:15 ] INFO CARTOLA_DADOS::salvar dados de scouts jogadores 
[ 2019-05-03 21:33:23 ] INFO CARTOLA_DADOS::iniciado 
[ 2019-05-03 21:33:23 ] INFO CARTOLA_DADOS::obtem dados do mercado 
[ 2019-05-03 21:33:40 ] INFO CARTOLA_DADOS::obtem dados das partidas anteriores 
[ 2019-05-06 15:13:41 ] INFO CARTOLA_DADOS::iniciado 
[ 2019-05-06 15:13:41 ] INFO CARTOLA_DADOS::obtem dados do mercado 
[ 2019-05-06 15:13:43 ] INFO CARTOLA_DADOS::obtem dados das partidas atuais 
[ 2019-05-06 15:13:43 ] INFO CARTOLA_DADOS::obtem dados das partidas anteriores 
[ 2019-05-06 15:13:44 ] INFO CARTOLA_DADOS::obtem informacoes gerais dos jogadores 
[ 2019-05-06 15:13:44 ] INFO CARTOLA_DADOS::obtem precos dos jogadores 
[ 2019-05-06 15:13:44 ] INFO CARTOLA_DADOS::obtem labels posicoes 
[ 2019-05-06 15:13:44 ] INFO CARTOLA_DADOS::obtem labels status 
[ 2019-05-06 15:13:44 ] INFO CARTOLA_DADOS::obtem labels clubes 
[ 2019-05-06 15:13:44 ] INFO CARTOLA_DADOS::obtem scouts 
[ 2019-05-06 15:13:44 ] INFO CARTOLA_DADOS::obtem partidas 
[ 2019-05-06 15:13:44 ] INFO CARTOLA_DADOS::salvar dados de classificacao 
[ 2019-05-06 15:13:44 ] INFO CARTOLA_DADOS::salvar dados de partidas 
[ 2019-05-06 15:13:44 ] INFO CARTOLA_DADOS::dados de partidas rodada atual 
[ 2019-05-06 15:13:44 ] INFO CARTOLA_DADOS::dados de partidas rodada anterior 
[ 2019-05-06 15:13:44 ] INFO CARTOLA_DADOS::salvar dados de scouts jogadores 
<<<<<<< HEAD
[ 2019-05-14 09:36:16 ] INFO CARTOLA_DADOS::iniciado 
[ 2019-05-14 09:36:16 ] INFO CARTOLA_DADOS::obtem dados do mercado 
[ 2019-05-14 09:36:26 ] INFO CARTOLA_DADOS::obtem dados das partidas atuais 
[ 2019-05-14 09:36:31 ] INFO CARTOLA_DADOS::obtem dados das partidas anteriores 
=======
[ 2019-05-09 18:33:15 ] INFO CARTOLA_DADOS::iniciado 
[ 2019-05-09 18:33:15 ] INFO CARTOLA_DADOS::obtem dados do mercado 
[ 2019-05-09 18:33:18 ] INFO CARTOLA_DADOS::obtem dados das partidas atuais 
[ 2019-05-09 18:33:19 ] INFO CARTOLA_DADOS::obtem dados das partidas anteriores 
[ 2019-05-09 18:33:19 ] INFO CARTOLA_DADOS::obtem informacoes gerais dos jogadores 
[ 2019-05-09 18:33:19 ] INFO CARTOLA_DADOS::obtem precos dos jogadores 
[ 2019-05-09 18:33:20 ] INFO CARTOLA_DADOS::obtem labels posicoes 
[ 2019-05-09 18:33:20 ] INFO CARTOLA_DADOS::obtem labels status 
[ 2019-05-09 18:33:20 ] INFO CARTOLA_DADOS::obtem labels clubes 
[ 2019-05-09 18:33:20 ] INFO CARTOLA_DADOS::obtem scouts 
[ 2019-05-09 18:33:20 ] INFO CARTOLA_DADOS::obtem partidas 
[ 2019-05-09 18:33:20 ] INFO CARTOLA_DADOS::salvar dados de classificacao 
[ 2019-05-09 18:33:20 ] INFO CARTOLA_DADOS::salvar dados de partidas 
[ 2019-05-09 18:33:20 ] INFO CARTOLA_DADOS::dados de partidas rodada atual 
[ 2019-05-09 18:33:20 ] INFO CARTOLA_DADOS::dados de partidas rodada anterior 
[ 2019-05-09 18:33:20 ] INFO CARTOLA_DADOS::salvar dados de scouts jogadores 
[ 2019-05-09 18:38:15 ] INFO CARTOLA_DADOS::iniciado 
[ 2019-05-09 18:38:15 ] INFO CARTOLA_DADOS::obtem dados do mercado 
[ 2019-05-09 18:38:17 ] INFO CARTOLA_DADOS::obtem dados das partidas atuais 
[ 2019-05-09 18:38:18 ] INFO CARTOLA_DADOS::obtem dados das partidas anteriores 
[ 2019-05-09 18:38:19 ] INFO CARTOLA_DADOS::obtem informacoes gerais dos jogadores 
[ 2019-05-09 18:38:19 ] INFO CARTOLA_DADOS::obtem precos dos jogadores 
[ 2019-05-09 18:38:19 ] INFO CARTOLA_DADOS::obtem labels posicoes 
[ 2019-05-09 18:38:19 ] INFO CARTOLA_DADOS::obtem labels status 
[ 2019-05-09 18:38:19 ] INFO CARTOLA_DADOS::obtem labels clubes 
[ 2019-05-09 18:38:19 ] INFO CARTOLA_DADOS::obtem scouts 
[ 2019-05-09 18:38:19 ] INFO CARTOLA_DADOS::obtem partidas 
[ 2019-05-09 18:38:19 ] INFO CARTOLA_DADOS::salvar dados de classificacao 
[ 2019-05-09 18:38:19 ] INFO CARTOLA_DADOS::salvar dados de partidas 
[ 2019-05-09 18:38:19 ] INFO CARTOLA_DADOS::dados de partidas rodada atual 
[ 2019-05-09 18:38:19 ] INFO CARTOLA_DADOS::dados de partidas rodada anterior 
[ 2019-05-09 18:38:19 ] INFO CARTOLA_DADOS::salvar dados de scouts jogadores 
[ 2019-05-09 18:53:02 ] INFO CARTOLA_DADOS::iniciado 
[ 2019-05-09 18:53:02 ] INFO CARTOLA_DADOS::obtem dados do mercado 
[ 2019-05-09 18:53:04 ] INFO CARTOLA_DADOS::obtem dados das partidas atuais 
[ 2019-05-09 18:53:05 ] INFO CARTOLA_DADOS::obtem dados das partidas anteriores 
[ 2019-05-09 18:53:06 ] INFO CARTOLA_DADOS::obtem informacoes gerais dos jogadores 
[ 2019-05-09 18:53:06 ] INFO CARTOLA_DADOS::obtem precos dos jogadores 
[ 2019-05-09 18:53:06 ] INFO CARTOLA_DADOS::obtem labels posicoes 
[ 2019-05-09 18:53:06 ] INFO CARTOLA_DADOS::obtem labels status 
[ 2019-05-09 18:53:06 ] INFO CARTOLA_DADOS::obtem labels clubes 
[ 2019-05-09 18:53:06 ] INFO CARTOLA_DADOS::obtem scouts 
[ 2019-05-09 18:53:06 ] INFO CARTOLA_DADOS::obtem partidas 
[ 2019-05-09 18:53:06 ] INFO CARTOLA_DADOS::salvar dados de classificacao 
[ 2019-05-09 18:53:06 ] INFO CARTOLA_DADOS::salvar dados de partidas 
[ 2019-05-09 18:53:06 ] INFO CARTOLA_DADOS::dados de partidas rodada atual 
[ 2019-05-09 18:53:06 ] INFO CARTOLA_DADOS::dados de partidas rodada anterior 
[ 2019-05-09 18:53:06 ] INFO CARTOLA_DADOS::salvar dados de scouts jogadores 
[ 2019-05-09 19:26:02 ] INFO CARTOLA_DADOS::iniciado 
[ 2019-05-09 19:26:02 ] INFO CARTOLA_DADOS::obtem dados do mercado 
[ 2019-05-09 19:26:04 ] INFO CARTOLA_DADOS::obtem dados das partidas atuais 
[ 2019-05-09 19:26:05 ] INFO CARTOLA_DADOS::obtem dados das partidas anteriores 
[ 2019-05-09 19:26:06 ] INFO CARTOLA_DADOS::obtem informacoes gerais dos jogadores 
[ 2019-05-09 19:26:06 ] INFO CARTOLA_DADOS::obtem precos dos jogadores 
[ 2019-05-09 19:26:06 ] INFO CARTOLA_DADOS::obtem labels posicoes 
[ 2019-05-09 19:26:06 ] INFO CARTOLA_DADOS::obtem labels status 
[ 2019-05-09 19:26:06 ] INFO CARTOLA_DADOS::obtem labels clubes 
[ 2019-05-09 19:26:06 ] INFO CARTOLA_DADOS::obtem scouts 
[ 2019-05-09 19:26:06 ] INFO CARTOLA_DADOS::obtem partidas 
[ 2019-05-09 19:26:06 ] INFO CARTOLA_DADOS::salvar dados de classificacao 
[ 2019-05-09 19:26:06 ] INFO CARTOLA_DADOS::salvar dados de partidas 
[ 2019-05-09 19:26:06 ] INFO CARTOLA_DADOS::dados de partidas rodada atual 
[ 2019-05-09 19:26:06 ] INFO CARTOLA_DADOS::dados de partidas rodada anterior 
[ 2019-05-09 19:26:06 ] INFO CARTOLA_DADOS::salvar dados de scouts jogadores 
[ 2019-05-09 20:00:09 ] INFO CARTOLA_DADOS::iniciado 
[ 2019-05-09 20:00:09 ] INFO CARTOLA_DADOS::obtem dados do mercado 
[ 2019-05-09 20:00:11 ] INFO CARTOLA_DADOS::obtem dados das partidas atuais 
[ 2019-05-09 20:00:12 ] INFO CARTOLA_DADOS::obtem dados das partidas anteriores 
[ 2019-05-09 20:00:13 ] INFO CARTOLA_DADOS::obtem informacoes gerais dos jogadores 
[ 2019-05-09 20:00:13 ] INFO CARTOLA_DADOS::obtem precos dos jogadores 
[ 2019-05-09 20:00:13 ] INFO CARTOLA_DADOS::obtem labels posicoes 
[ 2019-05-09 20:00:13 ] INFO CARTOLA_DADOS::obtem labels status 
[ 2019-05-09 20:00:13 ] INFO CARTOLA_DADOS::obtem labels clubes 
[ 2019-05-09 20:00:13 ] INFO CARTOLA_DADOS::obtem scouts 
[ 2019-05-09 20:00:13 ] INFO CARTOLA_DADOS::obtem partidas 
[ 2019-05-09 20:00:13 ] INFO CARTOLA_DADOS::salvar dados de classificacao 
[ 2019-05-09 20:00:13 ] INFO CARTOLA_DADOS::salvar dados de partidas 
[ 2019-05-09 20:00:13 ] INFO CARTOLA_DADOS::dados de partidas rodada atual 
[ 2019-05-09 20:00:13 ] INFO CARTOLA_DADOS::dados de partidas rodada anterior 
[ 2019-05-09 20:00:13 ] INFO CARTOLA_DADOS::salvar dados de scouts jogadores 
[ 2019-05-09 20:01:05 ] INFO CARTOLA_DADOS::iniciado 
[ 2019-05-09 20:01:05 ] INFO CARTOLA_DADOS::obtem dados do mercado 
[ 2019-05-09 20:01:06 ] INFO CARTOLA_DADOS::obtem dados das partidas atuais 
[ 2019-05-09 20:01:07 ] INFO CARTOLA_DADOS::obtem dados das partidas anteriores 
[ 2019-05-09 20:01:08 ] INFO CARTOLA_DADOS::obtem informacoes gerais dos jogadores 
[ 2019-05-09 20:01:08 ] INFO CARTOLA_DADOS::obtem precos dos jogadores 
[ 2019-05-09 20:01:08 ] INFO CARTOLA_DADOS::obtem labels posicoes 
[ 2019-05-09 20:01:08 ] INFO CARTOLA_DADOS::obtem labels status 
[ 2019-05-09 20:01:08 ] INFO CARTOLA_DADOS::obtem labels clubes 
[ 2019-05-09 20:01:08 ] INFO CARTOLA_DADOS::obtem scouts 
[ 2019-05-09 20:01:08 ] INFO CARTOLA_DADOS::obtem partidas 
[ 2019-05-09 20:01:08 ] INFO CARTOLA_DADOS::salvar dados de classificacao 
[ 2019-05-09 20:01:08 ] INFO CARTOLA_DADOS::salvar dados de partidas 
[ 2019-05-09 20:01:08 ] INFO CARTOLA_DADOS::dados de partidas rodada atual 
[ 2019-05-09 20:01:08 ] INFO CARTOLA_DADOS::dados de partidas rodada anterior 
[ 2019-05-09 20:01:08 ] INFO CARTOLA_DADOS::salvar dados de scouts jogadores 
[ 2019-05-09 20:28:02 ] INFO CARTOLA_DADOS::iniciado 
[ 2019-05-09 20:28:02 ] INFO CARTOLA_DADOS::obtem dados do mercado 
[ 2019-05-09 20:28:04 ] INFO CARTOLA_DADOS::obtem dados das partidas atuais 
[ 2019-05-09 20:28:05 ] INFO CARTOLA_DADOS::obtem dados das partidas anteriores 
[ 2019-05-09 20:28:06 ] INFO CARTOLA_DADOS::obtem informacoes gerais dos jogadores 
[ 2019-05-09 20:28:06 ] INFO CARTOLA_DADOS::obtem precos dos jogadores 
[ 2019-05-09 20:28:06 ] INFO CARTOLA_DADOS::obtem labels posicoes 
[ 2019-05-09 20:28:06 ] INFO CARTOLA_DADOS::obtem labels status 
[ 2019-05-09 20:28:06 ] INFO CARTOLA_DADOS::obtem labels clubes 
[ 2019-05-09 20:28:06 ] INFO CARTOLA_DADOS::obtem scouts 
[ 2019-05-09 20:28:06 ] INFO CARTOLA_DADOS::obtem partidas 
[ 2019-05-09 20:28:06 ] INFO CARTOLA_DADOS::salvar dados de classificacao 
[ 2019-05-09 20:28:06 ] INFO CARTOLA_DADOS::salvar dados de partidas 
[ 2019-05-09 20:28:06 ] INFO CARTOLA_DADOS::dados de partidas rodada atual 
[ 2019-05-09 20:28:06 ] INFO CARTOLA_DADOS::dados de partidas rodada anterior 
[ 2019-05-09 20:28:06 ] INFO CARTOLA_DADOS::salvar dados de scouts jogadores 
[ 2019-05-09 22:38:02 ] INFO CARTOLA_DADOS::iniciado 
[ 2019-05-09 22:38:02 ] INFO CARTOLA_DADOS::obtem dados do mercado 
[ 2019-05-09 22:38:03 ] INFO CARTOLA_DADOS::obtem dados das partidas atuais 
[ 2019-05-09 22:38:04 ] INFO CARTOLA_DADOS::obtem dados das partidas anteriores 
[ 2019-05-09 22:38:05 ] INFO CARTOLA_DADOS::obtem informacoes gerais dos jogadores 
[ 2019-05-09 22:38:05 ] INFO CARTOLA_DADOS::obtem precos dos jogadores 
[ 2019-05-09 22:38:05 ] INFO CARTOLA_DADOS::obtem labels posicoes 
[ 2019-05-09 22:38:05 ] INFO CARTOLA_DADOS::obtem labels status 
[ 2019-05-09 22:38:05 ] INFO CARTOLA_DADOS::obtem labels clubes 
[ 2019-05-09 22:38:05 ] INFO CARTOLA_DADOS::obtem scouts 
[ 2019-05-09 22:38:05 ] INFO CARTOLA_DADOS::obtem partidas 
[ 2019-05-09 22:38:05 ] INFO CARTOLA_DADOS::salvar dados de classificacao 
[ 2019-05-09 22:38:05 ] INFO CARTOLA_DADOS::salvar dados de partidas 
[ 2019-05-09 22:38:05 ] INFO CARTOLA_DADOS::dados de partidas rodada atual 
[ 2019-05-09 22:38:05 ] INFO CARTOLA_DADOS::dados de partidas rodada anterior 
[ 2019-05-09 22:38:05 ] INFO CARTOLA_DADOS::salvar dados de scouts jogadores 
[ 2019-05-09 22:43:02 ] INFO CARTOLA_DADOS::iniciado 
[ 2019-05-09 22:43:02 ] INFO CARTOLA_DADOS::obtem dados do mercado 
[ 2019-05-09 22:43:03 ] INFO CARTOLA_DADOS::obtem dados das partidas atuais 
[ 2019-05-09 22:43:04 ] INFO CARTOLA_DADOS::obtem dados das partidas anteriores 
[ 2019-05-09 22:43:05 ] INFO CARTOLA_DADOS::obtem informacoes gerais dos jogadores 
[ 2019-05-09 22:43:05 ] INFO CARTOLA_DADOS::obtem precos dos jogadores 
[ 2019-05-09 22:43:05 ] INFO CARTOLA_DADOS::obtem labels posicoes 
[ 2019-05-09 22:43:05 ] INFO CARTOLA_DADOS::obtem labels status 
[ 2019-05-09 22:43:05 ] INFO CARTOLA_DADOS::obtem labels clubes 
[ 2019-05-09 22:43:05 ] INFO CARTOLA_DADOS::obtem scouts 
[ 2019-05-09 22:43:05 ] INFO CARTOLA_DADOS::obtem partidas 
[ 2019-05-09 22:43:05 ] INFO CARTOLA_DADOS::salvar dados de classificacao 
[ 2019-05-09 22:43:05 ] INFO CARTOLA_DADOS::salvar dados de partidas 
[ 2019-05-09 22:43:05 ] INFO CARTOLA_DADOS::dados de partidas rodada atual 
[ 2019-05-09 22:43:05 ] INFO CARTOLA_DADOS::dados de partidas rodada anterior 
[ 2019-05-09 22:43:05 ] INFO CARTOLA_DADOS::salvar dados de scouts jogadores 
[ 2019-05-11 06:33:07 ] INFO CARTOLA_DADOS::iniciado 
[ 2019-05-11 06:33:07 ] INFO CARTOLA_DADOS::obtem dados do mercado 
[ 2019-05-11 06:33:09 ] INFO CARTOLA_DADOS::obtem dados das partidas atuais 
[ 2019-05-11 06:33:10 ] INFO CARTOLA_DADOS::obtem dados das partidas anteriores 
[ 2019-05-11 06:33:10 ] INFO CARTOLA_DADOS::obtem informacoes gerais dos jogadores 
[ 2019-05-11 06:33:11 ] INFO CARTOLA_DADOS::obtem precos dos jogadores 
[ 2019-05-11 06:33:11 ] INFO CARTOLA_DADOS::obtem labels posicoes 
[ 2019-05-11 06:33:11 ] INFO CARTOLA_DADOS::obtem labels status 
[ 2019-05-11 06:33:11 ] INFO CARTOLA_DADOS::obtem labels clubes 
[ 2019-05-11 06:33:11 ] INFO CARTOLA_DADOS::obtem scouts 
[ 2019-05-11 06:33:11 ] INFO CARTOLA_DADOS::obtem partidas 
[ 2019-05-11 06:33:11 ] INFO CARTOLA_DADOS::salvar dados de classificacao 
[ 2019-05-11 06:33:11 ] INFO CARTOLA_DADOS::salvar dados de partidas 
[ 2019-05-11 06:33:11 ] INFO CARTOLA_DADOS::dados de partidas rodada atual 
[ 2019-05-11 06:33:11 ] INFO CARTOLA_DADOS::dados de partidas rodada anterior 
[ 2019-05-11 06:33:11 ] INFO CARTOLA_DADOS::salvar dados de scouts jogadores 
[ 2019-05-14 06:33:02 ] INFO CARTOLA_DADOS::iniciado 
[ 2019-05-14 06:33:02 ] INFO CARTOLA_DADOS::obtem dados do mercado 
[ 2019-05-14 06:33:03 ] INFO CARTOLA_DADOS::obtem dados das partidas atuais 
[ 2019-05-14 06:33:04 ] INFO CARTOLA_DADOS::obtem dados das partidas anteriores 
[ 2019-05-14 06:33:05 ] INFO CARTOLA_DADOS::obtem informacoes gerais dos jogadores 
[ 2019-05-14 06:33:05 ] INFO CARTOLA_DADOS::obtem precos dos jogadores 
[ 2019-05-14 06:33:05 ] INFO CARTOLA_DADOS::obtem labels posicoes 
[ 2019-05-14 06:33:05 ] INFO CARTOLA_DADOS::obtem labels status 
[ 2019-05-14 06:33:05 ] INFO CARTOLA_DADOS::obtem labels clubes 
[ 2019-05-14 06:33:05 ] INFO CARTOLA_DADOS::obtem scouts 
[ 2019-05-14 06:33:05 ] INFO CARTOLA_DADOS::obtem partidas 
[ 2019-05-14 06:33:05 ] INFO CARTOLA_DADOS::salvar dados de classificacao 
[ 2019-05-14 06:33:05 ] INFO CARTOLA_DADOS::salvar dados de partidas 
[ 2019-05-14 06:33:05 ] INFO CARTOLA_DADOS::dados de partidas rodada atual 
[ 2019-05-14 06:33:05 ] INFO CARTOLA_DADOS::dados de partidas rodada anterior 
[ 2019-05-14 06:33:06 ] INFO CARTOLA_DADOS::salvar dados de scouts jogadores 
<<<<<<< HEAD
[ 2019-05-14 20:44:02 ] INFO CARTOLA_DADOS::iniciado 
[ 2019-05-14 20:44:02 ] INFO CARTOLA_DADOS::obtem dados do mercado 
[ 2019-05-14 20:44:04 ] INFO CARTOLA_DADOS::obtem dados das partidas atuais 
[ 2019-05-14 20:44:05 ] INFO CARTOLA_DADOS::obtem dados das partidas anteriores 
[ 2019-05-14 20:44:06 ] INFO CARTOLA_DADOS::obtem informacoes gerais dos jogadores 
[ 2019-05-14 20:44:06 ] INFO CARTOLA_DADOS::obtem precos dos jogadores 
[ 2019-05-14 20:44:06 ] INFO CARTOLA_DADOS::obtem labels posicoes 
[ 2019-05-14 20:44:06 ] INFO CARTOLA_DADOS::obtem labels status 
[ 2019-05-14 20:44:06 ] INFO CARTOLA_DADOS::obtem labels clubes 
[ 2019-05-14 20:44:06 ] INFO CARTOLA_DADOS::obtem scouts 
[ 2019-05-14 20:44:06 ] INFO CARTOLA_DADOS::obtem partidas 
[ 2019-05-14 20:44:06 ] INFO CARTOLA_DADOS::salvar dados de classificacao 
[ 2019-05-14 20:44:06 ] INFO CARTOLA_DADOS::salvar dados de partidas 
[ 2019-05-14 20:44:06 ] INFO CARTOLA_DADOS::dados de partidas rodada atual 
[ 2019-05-14 20:44:06 ] INFO CARTOLA_DADOS::dados de partidas rodada anterior 
[ 2019-05-14 20:44:06 ] INFO CARTOLA_DADOS::salvar dados de scouts jogadores 
[ 2019-05-15 02:01:33 ] INFO CARTOLA_DADOS::iniciado 
[ 2019-05-15 02:01:33 ] INFO CARTOLA_DADOS::obtem dados do mercado 
[ 2019-05-15 02:01:34 ] INFO CARTOLA_DADOS::obtem dados das partidas atuais 
[ 2019-05-15 02:01:35 ] INFO CARTOLA_DADOS::obtem dados das partidas anteriores 
[ 2019-05-15 02:01:36 ] INFO CARTOLA_DADOS::obtem informacoes gerais dos jogadores 
[ 2019-05-15 02:01:36 ] INFO CARTOLA_DADOS::obtem precos dos jogadores 
[ 2019-05-15 02:01:36 ] INFO CARTOLA_DADOS::obtem labels posicoes 
[ 2019-05-15 02:01:36 ] INFO CARTOLA_DADOS::obtem labels status 
[ 2019-05-15 02:01:36 ] INFO CARTOLA_DADOS::obtem labels clubes 
[ 2019-05-15 02:01:36 ] INFO CARTOLA_DADOS::obtem scouts 
[ 2019-05-15 02:01:36 ] INFO CARTOLA_DADOS::obtem partidas 
[ 2019-05-15 02:01:36 ] INFO CARTOLA_DADOS::salvar dados de classificacao 
[ 2019-05-15 02:01:36 ] INFO CARTOLA_DADOS::salvar dados de partidas 
[ 2019-05-15 02:01:36 ] INFO CARTOLA_DADOS::dados de partidas rodada atual 
[ 2019-05-15 02:01:36 ] INFO CARTOLA_DADOS::dados de partidas rodada anterior 
[ 2019-05-15 02:01:36 ] INFO CARTOLA_DADOS::salvar dados de scouts jogadores 
=======
>>>>>>> 0b5ec5514773af19238722bd454f0f5cb4d54ecc
>>>>>>> e55f37704026a74bb8757b829ce5ffd81eee4c51
[ 2019-05-15 21:03:35 ] INFO CARTOLA_DADOS::iniciado 
[ 2019-05-15 21:03:35 ] INFO CARTOLA_DADOS::obtem dados do mercado 
[ 2019-05-15 21:03:37 ] INFO CARTOLA_DADOS::obtem dados das partidas atuais 
[ 2019-05-15 21:03:38 ] INFO CARTOLA_DADOS::obtem dados das partidas anteriores 
[ 2019-05-15 21:03:39 ] INFO CARTOLA_DADOS::obtem informacoes gerais dos jogadores 
[ 2019-05-15 21:03:39 ] INFO CARTOLA_DADOS::obtem precos dos jogadores 
[ 2019-05-15 21:03:39 ] INFO CARTOLA_DADOS::obtem labels posicoes 
[ 2019-05-15 21:03:39 ] INFO CARTOLA_DADOS::obtem labels status 
[ 2019-05-15 21:03:39 ] INFO CARTOLA_DADOS::obtem labels clubes 
[ 2019-05-15 21:03:39 ] INFO CARTOLA_DADOS::obtem scouts 
[ 2019-05-15 21:03:39 ] INFO CARTOLA_DADOS::obtem partidas 
[ 2019-05-15 21:03:39 ] INFO CARTOLA_DADOS::salvar dados de classificacao 
[ 2019-05-15 21:03:39 ] INFO CARTOLA_DADOS::salvar dados de partidas 
[ 2019-05-15 21:03:39 ] INFO CARTOLA_DADOS::dados de partidas rodada atual 
[ 2019-05-15 21:03:39 ] INFO CARTOLA_DADOS::dados de partidas rodada anterior 
[ 2019-05-15 21:03:39 ] INFO CARTOLA_DADOS::salvar dados de scouts jogadores 
[ 2019-05-18 06:33:07 ] INFO CARTOLA_DADOS::iniciado 
[ 2019-05-18 06:33:07 ] INFO CARTOLA_DADOS::obtem dados do mercado 
[ 2019-05-18 06:33:09 ] INFO CARTOLA_DADOS::obtem dados das partidas atuais 
[ 2019-05-18 06:33:10 ] INFO CARTOLA_DADOS::obtem dados das partidas anteriores 
[ 2019-05-18 06:33:11 ] INFO CARTOLA_DADOS::obtem informacoes gerais dos jogadores 
[ 2019-05-18 06:33:11 ] INFO CARTOLA_DADOS::obtem precos dos jogadores 
[ 2019-05-18 06:33:11 ] INFO CARTOLA_DADOS::obtem labels posicoes 
[ 2019-05-18 06:33:11 ] INFO CARTOLA_DADOS::obtem labels status 
[ 2019-05-18 06:33:11 ] INFO CARTOLA_DADOS::obtem labels clubes 
[ 2019-05-18 06:33:11 ] INFO CARTOLA_DADOS::obtem scouts 
[ 2019-05-18 06:33:11 ] INFO CARTOLA_DADOS::obtem partidas 
[ 2019-05-18 06:33:11 ] INFO CARTOLA_DADOS::salvar dados de classificacao 
[ 2019-05-18 06:33:11 ] INFO CARTOLA_DADOS::salvar dados de partidas 
[ 2019-05-18 06:33:11 ] INFO CARTOLA_DADOS::dados de partidas rodada atual 
[ 2019-05-18 06:33:11 ] INFO CARTOLA_DADOS::dados de partidas rodada anterior 
[ 2019-05-18 06:33:11 ] INFO CARTOLA_DADOS::salvar dados de scouts jogadores 
[ 2019-05-21 06:33:02 ] INFO CARTOLA_DADOS::iniciado 
[ 2019-05-21 06:33:02 ] INFO CARTOLA_DADOS::obtem dados do mercado 
[ 2019-05-21 06:33:04 ] INFO CARTOLA_DADOS::obtem dados das partidas atuais 
[ 2019-05-21 06:33:05 ] INFO CARTOLA_DADOS::obtem dados das partidas anteriores 
[ 2019-05-21 06:33:06 ] INFO CARTOLA_DADOS::obtem informacoes gerais dos jogadores 
[ 2019-05-21 06:33:06 ] INFO CARTOLA_DADOS::obtem precos dos jogadores 
[ 2019-05-21 06:33:06 ] INFO CARTOLA_DADOS::obtem labels posicoes 
[ 2019-05-21 06:33:06 ] INFO CARTOLA_DADOS::obtem labels status 
[ 2019-05-21 06:33:06 ] INFO CARTOLA_DADOS::obtem labels clubes 
[ 2019-05-21 06:33:06 ] INFO CARTOLA_DADOS::obtem scouts 
[ 2019-05-21 06:33:06 ] INFO CARTOLA_DADOS::obtem partidas 
[ 2019-05-21 06:33:06 ] INFO CARTOLA_DADOS::salvar dados de classificacao 
[ 2019-05-21 06:33:06 ] INFO CARTOLA_DADOS::salvar dados de partidas 
[ 2019-05-21 06:33:06 ] INFO CARTOLA_DADOS::dados de partidas rodada atual 
[ 2019-05-21 06:33:06 ] INFO CARTOLA_DADOS::dados de partidas rodada anterior 
[ 2019-05-21 06:33:06 ] INFO CARTOLA_DADOS::salvar dados de scouts jogadores 
