[ 2019-05-23 17:02:35 ] INFO FORECAST_CARTOLA::Prepara os dados das partidas 
[ 2019-05-23 17:02:38 ] INFO FORECAST_CARTOLA::Ajusta dados partidas 
[ 2019-05-23 17:02:38 ] INFO FORECAST_CARTOLA::Partidas atuais 
[ 2019-05-23 17:05:01 ] INFO MODELO_CARTOLA::Prepara os dados 
[ 2019-05-23 17:05:01 ] INFO MODELO_CARTOLA::Ler os dados 
[ 2019-05-23 17:06:05 ] INFO FORECAST_CARTOLA::Prepara os dados das partidas 
[ 2019-05-23 17:06:07 ] INFO FORECAST_CARTOLA::Ajusta dados partidas 
[ 2019-05-23 17:06:07 ] INFO FORECAST_CARTOLA::Partidas atuais 
[ 2019-05-23 17:06:24 ] INFO MODELO_CARTOLA::Prepara os dados 
[ 2019-05-23 17:06:24 ] INFO MODELO_CARTOLA::Ler os dados 
[ 2019-05-23 17:18:14 ] INFO MODELO_CARTOLA::partidas e classificacao 
[ 2019-05-23 17:18:22 ] INFO MODELO_CARTOLA::jogadores, partidas e classificacao 
[ 2019-05-23 17:30:03 ] INFO MODELO_CARTOLA::forca dos clubes - meio 
[ 2019-05-23 17:30:04 ] INFO MODELO_CARTOLA::forca dos clubes - laterais 
[ 2019-05-23 17:30:04 ] INFO MODELO_CARTOLA::forca dos clubes - zagueiros 
[ 2019-05-23 17:30:04 ] INFO MODELO_CARTOLA::forca dos clubes - goleiros 
[ 2019-05-23 17:36:10 ] INFO MODELO_CARTOLA::Ler os dados 
[ 2019-05-23 17:37:13 ] INFO FORECAST_CARTOLA::Prepara os dados das partidas 
[ 2019-05-23 17:37:25 ] INFO FORECAST_CARTOLA::Ajusta dados partidas 
[ 2019-05-23 17:37:25 ] INFO FORECAST_CARTOLA::Partidas atuais 
[ 2019-05-23 17:37:38 ] INFO MODELO_CARTOLA::Prepara os dados 
[ 2019-05-23 17:37:38 ] INFO MODELO_CARTOLA::Ler os dados 
[ 2019-05-23 17:40:00 ] INFO FORECAST_CARTOLA::Prepara os dados das partidas 
[ 2019-05-23 17:40:02 ] INFO FORECAST_CARTOLA::Ajusta dados partidas 
[ 2019-05-23 17:45:26 ] INFO FORECAST_CARTOLA::Prepara os dados das partidas 
[ 2019-05-23 17:45:28 ] INFO FORECAST_CARTOLA::Ajusta dados partidas 
[ 2019-05-23 17:49:38 ] INFO MODELO_CARTOLA::partidas e classificacao 
[ 2019-05-23 18:05:13 ] INFO FORECAST_CARTOLA::Prepara os dados das partidas 
[ 2019-05-23 18:05:15 ] INFO FORECAST_CARTOLA::Ajusta dados partidas 
[ 2019-05-23 18:05:15 ] INFO FORECAST_CARTOLA::Partidas atuais 
[ 2019-05-23 18:05:21 ] INFO MODELO_CARTOLA::Prepara os dados 
[ 2019-05-23 18:05:21 ] INFO MODELO_CARTOLA::Ler os dados 
[ 2019-05-23 18:05:21 ] INFO MODELO_CARTOLA::partidas e classificacao 
[ 2019-05-23 18:05:21 ] INFO MODELO_CARTOLA::jogadores, partidas e classificacao 
[ 2019-05-23 18:05:22 ] INFO MODELO_CARTOLA::ajusta dados 
[ 2019-05-23 18:05:42 ] INFO MODELO_CARTOLA::forca dos clubes 
[ 2019-05-23 18:05:42 ] INFO MODELO_CARTOLA::forca dos clubes - ataque 
[ 2019-05-23 18:05:43 ] INFO MODELO_CARTOLA::forca dos clubes - meio 
[ 2019-05-23 18:05:44 ] INFO MODELO_CARTOLA::forca dos clubes - laterais 
[ 2019-05-23 18:05:44 ] INFO MODELO_CARTOLA::forca dos clubes - zagueiros 
[ 2019-05-23 18:05:44 ] INFO MODELO_CARTOLA::forca dos clubes - goleiros 
[ 2019-05-23 18:12:29 ] INFO MODELO_CARTOLA::forca dos clubes 
[ 2019-05-23 18:12:29 ] INFO MODELO_CARTOLA::forca dos clubes - ataque 
[ 2019-05-23 18:12:30 ] INFO MODELO_CARTOLA::forca dos clubes - meio 
[ 2019-05-23 18:12:32 ] INFO MODELO_CARTOLA::forca dos clubes - laterais 
[ 2019-05-23 18:12:32 ] INFO MODELO_CARTOLA::forca dos clubes - zagueiros 
[ 2019-05-23 18:12:32 ] INFO MODELO_CARTOLA::forca dos clubes - goleiros 
[ 2019-05-23 18:36:07 ] INFO FORECAST_CARTOLA::Prepara os dados dos jogadores 
[ 2019-05-23 18:56:40 ] INFO FORECAST_CARTOLA::Prepara os dados dos jogadores 
[ 2019-05-23 18:56:41 ] INFO CARTOLA_DADOS::obtem informacoes gerais dos jogadores 
[ 2019-05-23 18:56:41 ] INFO CARTOLA_DADOS::obtem precos dos jogadores 
[ 2019-05-23 18:56:41 ] INFO CARTOLA_DADOS::obtem labels posicoes 
[ 2019-05-23 18:56:41 ] INFO CARTOLA_DADOS::obtem labels status 
[ 2019-05-23 18:56:41 ] INFO CARTOLA_DADOS::obtem labels clubes 
[ 2019-05-23 18:56:41 ] INFO CARTOLA_DADOS::obtem scouts 
[ 2019-05-23 18:56:41 ] INFO CARTOLA_DADOS::obtem organiza dados atuais 
[ 2019-05-23 19:03:36 ] INFO MODELO_CARTOLA::Ler os dados 
[ 2019-05-23 19:37:05 ] INFO MODELO_CARTOLA::forca dos clubes - meio 
[ 2019-05-23 19:37:07 ] INFO MODELO_CARTOLA::forca dos clubes - laterais 
[ 2019-05-23 19:37:07 ] INFO MODELO_CARTOLA::forca dos clubes - zagueiros 
[ 2019-05-23 19:37:07 ] INFO MODELO_CARTOLA::forca dos clubes - goleiros 
[ 2019-05-23 21:15:22 ] INFO FORECAST_CARTOLA::Prepara os dados dos jogadores 
[ 2019-05-23 21:15:24 ] INFO CARTOLA_DADOS::obtem informacoes gerais dos jogadores 
[ 2019-05-23 21:15:24 ] INFO CARTOLA_DADOS::obtem precos dos jogadores 
[ 2019-05-23 21:15:24 ] INFO CARTOLA_DADOS::obtem labels posicoes 
[ 2019-05-23 21:15:24 ] INFO CARTOLA_DADOS::obtem labels status 
[ 2019-05-23 21:15:24 ] INFO CARTOLA_DADOS::obtem labels clubes 
[ 2019-05-23 21:15:24 ] INFO CARTOLA_DADOS::obtem scouts 
[ 2019-05-23 21:15:24 ] INFO CARTOLA_DADOS::obtem organiza dados atuais 
[ 2019-05-23 21:15:34 ] INFO FORECAST_CARTOLA::Prepara os dados das partidas 
[ 2019-05-23 21:15:35 ] INFO FORECAST_CARTOLA::Ajusta dados partidas 
[ 2019-05-23 21:15:35 ] INFO FORECAST_CARTOLA::Partidas atuais 
[ 2019-05-23 21:15:46 ] INFO FORECAST_CARTOLA::Prepara os dados 
[ 2019-05-23 21:15:46 ] INFO FORECAST_CARTOLA::Ler os dados 
[ 2019-05-23 21:15:46 ] INFO FORECAST_CARTOLA::partidas e classificacao 
[ 2019-05-23 21:15:46 ] INFO FORECAST_CARTOLA::jogadores, partidas e classificacao 
[ 2019-05-23 21:15:47 ] INFO FORECAST_CARTOLA::ajusta dados 
[ 2019-05-23 21:15:58 ] INFO FORECAST_CARTOLA::forca dos clubes 
[ 2019-05-23 21:15:58 ] INFO FORECAST_CARTOLA::forca dos clubes - ataque 
[ 2019-05-23 21:15:59 ] INFO FORECAST_CARTOLA::forca dos clubes - meio 
[ 2019-05-23 21:15:59 ] INFO FORECAST_CARTOLA::forca dos clubes - laterais 
[ 2019-05-23 21:15:59 ] INFO FORECAST_CARTOLA::forca dos clubes - zagueiros 
[ 2019-05-23 21:15:59 ] INFO FORECAST_CARTOLA::forca dos clubes - goleiros 
[ 2019-05-23 21:16:39 ] INFO FORECAST_CARTOLA::Prepara os dados das partidas 
[ 2019-05-23 21:16:40 ] INFO FORECAST_CARTOLA::Ajusta dados partidas 
[ 2019-05-23 21:16:40 ] INFO FORECAST_CARTOLA::Partidas atuais 
[ 2019-05-23 21:16:48 ] INFO FORECAST_CARTOLA::Prepara os dados dos jogadores 
[ 2019-05-23 21:16:50 ] INFO CARTOLA_DADOS::obtem informacoes gerais dos jogadores 
[ 2019-05-23 21:16:50 ] INFO CARTOLA_DADOS::obtem precos dos jogadores 
[ 2019-05-23 21:16:50 ] INFO CARTOLA_DADOS::obtem labels posicoes 
[ 2019-05-23 21:16:50 ] INFO CARTOLA_DADOS::obtem labels status 
[ 2019-05-23 21:16:50 ] INFO CARTOLA_DADOS::obtem labels clubes 
[ 2019-05-23 21:16:50 ] INFO CARTOLA_DADOS::obtem scouts 
[ 2019-05-23 21:16:50 ] INFO CARTOLA_DADOS::obtem organiza dados atuais 
[ 2019-05-23 21:16:53 ] INFO FORECAST_CARTOLA::Prepara os dados das partidas 
[ 2019-05-23 21:16:54 ] INFO FORECAST_CARTOLA::Ajusta dados partidas 
[ 2019-05-23 21:16:54 ] INFO FORECAST_CARTOLA::Partidas atuais 
[ 2019-05-23 21:17:03 ] INFO FORECAST_CARTOLA::Prepara os dados 
[ 2019-05-23 21:17:03 ] INFO FORECAST_CARTOLA::Ler os dados 
[ 2019-05-23 21:17:03 ] INFO FORECAST_CARTOLA::partidas e classificacao 
[ 2019-05-23 21:17:03 ] INFO FORECAST_CARTOLA::jogadores, partidas e classificacao 
[ 2019-05-23 21:17:03 ] INFO FORECAST_CARTOLA::ajusta dados 
[ 2019-05-23 21:17:09 ] INFO FORECAST_CARTOLA::forca dos clubes 
[ 2019-05-23 21:17:09 ] INFO FORECAST_CARTOLA::forca dos clubes - ataque 
[ 2019-05-23 21:17:11 ] INFO FORECAST_CARTOLA::forca dos clubes - meio 
[ 2019-05-23 21:17:12 ] INFO FORECAST_CARTOLA::forca dos clubes - laterais 
[ 2019-05-23 21:17:13 ] INFO FORECAST_CARTOLA::forca dos clubes - zagueiros 
[ 2019-05-23 21:17:13 ] INFO FORECAST_CARTOLA::forca dos clubes - goleiros 
[ 2019-05-23 21:19:44 ] INFO FORECAST_CARTOLA::forecast atacantes 
[ 2019-05-23 21:19:44 ] INFO FORECAST_CARTOLA::filtra atacantes 
[ 2019-05-23 21:19:44 ] INFO FORECAST_CARTOLA::preparar dados forecast atacantes 
[ 2019-05-23 21:19:44 ] INFO FORECAST_CARTOLA::clusterizar atacantes 
[ 2019-05-23 21:19:44 ] INFO FORECAST_CARTOLA::dados das defasagens 
[ 2019-05-23 21:19:44 ] INFO FORECAST_CARTOLA::dados da forca do adversario 
[ 2019-05-23 21:19:44 ] INFO FORECAST_CARTOLA::obtem as previsoes 
[ 2019-05-23 21:50:18 ] INFO FORECAST_CARTOLA::preparar dados forecast atacantes 
[ 2019-05-23 21:50:20 ] INFO FORECAST_CARTOLA::clusterizar atacantes 
[ 2019-05-23 21:50:21 ] INFO FORECAST_CARTOLA::dados das defasagens 
[ 2019-05-23 21:50:22 ] INFO FORECAST_CARTOLA::dados da forca do adversario 
[ 2019-05-23 21:50:23 ] INFO FORECAST_CARTOLA::obtem as previsoes 
[ 2019-05-23 22:02:04 ] INFO FORECAST_CARTOLA::forecast atacantes 
[ 2019-05-23 22:02:04 ] INFO FORECAST_CARTOLA::filtra atacantes 
[ 2019-05-23 22:11:46 ] INFO FORECAST_CARTOLA::forecast atacantes 
[ 2019-05-23 22:11:46 ] INFO FORECAST_CARTOLA::filtra atacantes 
[ 2019-05-23 22:11:46 ] INFO FORECAST_CARTOLA::preparar dados forecast atacantes 
[ 2019-05-23 22:11:46 ] INFO FORECAST_CARTOLA::clusterizar atacantes 
[ 2019-05-23 22:11:46 ] INFO FORECAST_CARTOLA::dados das defasagens 
[ 2019-05-23 22:11:46 ] INFO FORECAST_CARTOLA::dados da forca do adversario 
[ 2019-05-23 22:11:46 ] INFO FORECAST_CARTOLA::obtem as previsoes 
[ 2019-05-23 22:15:24 ] INFO FORECAST_CARTOLA::forecast meias 
[ 2019-05-23 22:15:24 ] INFO FORECAST_CARTOLA::filtra meio-campo 
[ 2019-05-23 22:15:24 ] INFO FORECAST_CARTOLA::preparar dados forecast meio-campo 
[ 2019-05-23 22:15:24 ] INFO FORECAST_CARTOLA::clusterizar meias 
[ 2019-05-23 22:15:24 ] INFO FORECAST_CARTOLA::dados das defasagens 
[ 2019-05-23 22:19:55 ] INFO FORECAST_CARTOLA::forecast meias 
[ 2019-05-23 22:19:55 ] INFO FORECAST_CARTOLA::filtra meio-campo 
[ 2019-05-23 22:19:55 ] INFO FORECAST_CARTOLA::preparar dados forecast meio-campo 
[ 2019-05-23 22:19:55 ] INFO FORECAST_CARTOLA::clusterizar meias 
[ 2019-05-23 22:24:27 ] INFO FORECAST_CARTOLA::forecast atacantes 
[ 2019-05-23 22:24:27 ] INFO FORECAST_CARTOLA::filtra atacantes 
[ 2019-05-23 22:24:27 ] INFO FORECAST_CARTOLA::preparar dados forecast atacantes 
[ 2019-05-23 22:24:27 ] INFO FORECAST_CARTOLA::clusterizar atacantes 
[ 2019-05-23 22:24:27 ] INFO FORECAST_CARTOLA::dados das defasagens 
[ 2019-05-23 22:24:27 ] INFO FORECAST_CARTOLA::dados da forca do adversario 
[ 2019-05-23 22:24:28 ] INFO FORECAST_CARTOLA::obtem as previsoes 
[ 2019-05-24 18:11:18 ] INFO FORECAST_CARTOLA::Prepara os dados dos jogadores 
[ 2019-05-24 18:11:19 ] INFO CARTOLA_DADOS::obtem informacoes gerais dos jogadores 
[ 2019-05-24 18:11:20 ] INFO CARTOLA_DADOS::obtem precos dos jogadores 
[ 2019-05-24 18:11:20 ] INFO CARTOLA_DADOS::obtem labels posicoes 
[ 2019-05-24 18:11:20 ] INFO CARTOLA_DADOS::obtem labels status 
[ 2019-05-24 18:11:20 ] INFO CARTOLA_DADOS::obtem labels clubes 
[ 2019-05-24 18:11:20 ] INFO CARTOLA_DADOS::obtem scouts 
[ 2019-05-24 18:11:20 ] INFO CARTOLA_DADOS::obtem organiza dados atuais 
[ 2019-05-24 18:11:44 ] INFO FORECAST_CARTOLA::Prepara os dados das partidas 
[ 2019-05-24 18:11:45 ] INFO FORECAST_CARTOLA::Ajusta dados partidas 
[ 2019-05-24 18:11:45 ] INFO FORECAST_CARTOLA::Partidas atuais 
[ 2019-05-24 18:11:58 ] INFO FORECAST_CARTOLA::Prepara os dados 
[ 2019-05-24 18:11:58 ] INFO FORECAST_CARTOLA::Ler os dados 
[ 2019-05-24 18:11:59 ] INFO FORECAST_CARTOLA::partidas e classificacao 
[ 2019-05-24 18:11:59 ] INFO FORECAST_CARTOLA::jogadores, partidas e classificacao 
[ 2019-05-24 18:12:00 ] INFO FORECAST_CARTOLA::ajusta dados 
[ 2019-05-24 18:12:17 ] INFO FORECAST_CARTOLA::forca dos clubes 
[ 2019-05-24 18:12:17 ] INFO FORECAST_CARTOLA::forca dos clubes - ataque 
[ 2019-05-24 18:12:18 ] INFO FORECAST_CARTOLA::forca dos clubes - meio 
[ 2019-05-24 18:12:19 ] INFO FORECAST_CARTOLA::forca dos clubes - laterais 
[ 2019-05-24 18:12:19 ] INFO FORECAST_CARTOLA::forca dos clubes - zagueiros 
[ 2019-05-24 18:12:19 ] INFO FORECAST_CARTOLA::forca dos clubes - goleiros 
[ 2019-05-24 18:12:44 ] INFO FORECAST_CARTOLA::forecast atacantes 
[ 2019-05-24 18:12:44 ] INFO FORECAST_CARTOLA::filtra atacantes 
[ 2019-05-24 18:12:44 ] INFO FORECAST_CARTOLA::preparar dados forecast atacantes 
[ 2019-05-24 18:12:44 ] INFO FORECAST_CARTOLA::clusterizar atacantes 
[ 2019-05-24 18:12:44 ] INFO FORECAST_CARTOLA::dados das defasagens 
[ 2019-05-24 18:12:44 ] INFO FORECAST_CARTOLA::dados da forca do adversario 
[ 2019-05-24 18:12:44 ] INFO FORECAST_CARTOLA::obtem as previsoes 
[ 2019-05-31 17:05:55 ] INFO FORECAST_CARTOLA::Prepara os dados dos jogadores 
[ 2019-05-31 17:05:57 ] INFO CARTOLA_DADOS::obtem informacoes gerais dos jogadores 
[ 2019-05-31 17:05:57 ] INFO CARTOLA_DADOS::obtem precos dos jogadores 
[ 2019-05-31 17:05:58 ] INFO CARTOLA_DADOS::obtem labels posicoes 
[ 2019-05-31 17:05:58 ] INFO CARTOLA_DADOS::obtem labels status 
[ 2019-05-31 17:05:58 ] INFO CARTOLA_DADOS::obtem labels clubes 
[ 2019-05-31 17:05:58 ] INFO CARTOLA_DADOS::obtem scouts 
[ 2019-05-31 17:05:58 ] INFO CARTOLA_DADOS::obtem organiza dados atuais 
[ 2019-05-31 17:06:32 ] INFO FORECAST_CARTOLA::Prepara os dados das partidas 
[ 2019-05-31 17:06:33 ] INFO FORECAST_CARTOLA::Ajusta dados partidas 
[ 2019-05-31 17:06:33 ] INFO FORECAST_CARTOLA::Partidas atuais 
[ 2019-05-31 17:09:45 ] INFO FORECAST_CARTOLA::Prepara os dados 
[ 2019-05-31 17:09:45 ] INFO FORECAST_CARTOLA::Ler os dados 
[ 2019-05-31 17:09:47 ] INFO FORECAST_CARTOLA::partidas e classificacao 
[ 2019-05-31 17:09:47 ] INFO FORECAST_CARTOLA::jogadores, partidas e classificacao 
[ 2019-05-31 17:09:47 ] INFO FORECAST_CARTOLA::ajusta dados 
[ 2019-05-31 17:11:42 ] INFO FORECAST_CARTOLA::forca dos clubes 
[ 2019-05-31 17:11:42 ] INFO FORECAST_CARTOLA::forca dos clubes - ataque 
[ 2019-05-31 17:11:43 ] INFO FORECAST_CARTOLA::forca dos clubes - meio 
[ 2019-05-31 17:11:44 ] INFO FORECAST_CARTOLA::forca dos clubes - laterais 
[ 2019-05-31 17:11:44 ] INFO FORECAST_CARTOLA::forca dos clubes - zagueiros 
[ 2019-05-31 17:11:44 ] INFO FORECAST_CARTOLA::forca dos clubes - goleiros 
[ 2019-05-31 17:11:59 ] INFO FORECAST_CARTOLA::forecast atacantes 
[ 2019-05-31 17:11:59 ] INFO FORECAST_CARTOLA::filtra atacantes 
[ 2019-05-31 17:11:59 ] INFO FORECAST_CARTOLA::preparar dados forecast atacantes 
[ 2019-05-31 17:11:59 ] INFO FORECAST_CARTOLA::clusterizar atacantes 
[ 2019-05-31 17:11:59 ] INFO FORECAST_CARTOLA::dados das defasagens 
[ 2019-05-31 17:12:00 ] INFO FORECAST_CARTOLA::dados da forca do adversario 
[ 2019-05-31 17:12:00 ] INFO FORECAST_CARTOLA::obtem as previsoes 
[ 2019-05-31 17:14:58 ] INFO FORECAST_CARTOLA::forecast meias 
[ 2019-05-31 17:14:58 ] INFO FORECAST_CARTOLA::filtra meio-campo 
[ 2019-05-31 17:14:58 ] INFO FORECAST_CARTOLA::preparar dados forecast meio-campo 
[ 2019-05-31 17:14:58 ] INFO FORECAST_CARTOLA::clusterizar meias 
[ 2019-05-31 17:14:59 ] INFO FORECAST_CARTOLA::dados das defasagens 
[ 2019-05-31 17:14:59 ] INFO FORECAST_CARTOLA::dados da forca do adversario 
[ 2019-05-31 17:14:59 ] INFO FORECAST_CARTOLA::obtem as previsoes 
[ 2019-05-31 17:17:55 ] INFO FORECAST_CARTOLA::forecast laterais 
[ 2019-05-31 17:17:55 ] INFO FORECAST_CARTOLA::filtra meio-campo 
[ 2019-05-31 17:17:56 ] INFO FORECAST_CARTOLA::preparar dados forecast laterais 
[ 2019-05-31 17:17:56 ] INFO FORECAST_CARTOLA::clusterizar laterais 
[ 2019-05-31 17:17:56 ] INFO FORECAST_CARTOLA::dados das defasagens 
[ 2019-05-31 17:17:56 ] INFO FORECAST_CARTOLA::dados da forca do adversario 
[ 2019-05-31 17:17:56 ] INFO FORECAST_CARTOLA::obtem as previsoes 
[ 2019-05-31 17:23:27 ] INFO FORECAST_CARTOLA::forecast zagueiros 
[ 2019-05-31 17:23:27 ] INFO FORECAST_CARTOLA::filtra zagueiros 
[ 2019-05-31 17:23:27 ] INFO FORECAST_CARTOLA::preparar dados forecast zagueiros 
[ 2019-05-31 17:23:27 ] INFO FORECAST_CARTOLA::clusterizar zagueiros 
[ 2019-05-31 17:23:27 ] INFO FORECAST_CARTOLA::dados das defasagens 
[ 2019-05-31 17:23:27 ] INFO FORECAST_CARTOLA::dados da forca do adversario 
[ 2019-05-31 17:23:27 ] INFO FORECAST_CARTOLA::obtem as previsoes 
[ 2019-05-31 17:24:03 ] INFO FORECAST_CARTOLA::forecast zagueiros 
[ 2019-05-31 17:24:03 ] INFO FORECAST_CARTOLA::filtra zagueiros 
[ 2019-05-31 17:24:03 ] INFO FORECAST_CARTOLA::preparar dados forecast zagueiros 
[ 2019-05-31 17:24:03 ] INFO FORECAST_CARTOLA::clusterizar zagueiros 
[ 2019-05-31 17:24:03 ] INFO FORECAST_CARTOLA::dados das defasagens 
[ 2019-05-31 17:24:03 ] INFO FORECAST_CARTOLA::dados da forca do adversario 
[ 2019-05-31 17:24:04 ] INFO FORECAST_CARTOLA::obtem as previsoes 
[ 2019-05-31 20:39:03 ] INFO FORECAST_CARTOLA::Prepara os dados dos jogadores 
[ 2019-05-31 20:39:05 ] INFO CARTOLA_DADOS::obtem informacoes gerais dos jogadores 
[ 2019-05-31 20:39:05 ] INFO CARTOLA_DADOS::obtem precos dos jogadores 
[ 2019-05-31 20:39:05 ] INFO CARTOLA_DADOS::obtem labels posicoes 
[ 2019-05-31 20:39:05 ] INFO CARTOLA_DADOS::obtem labels status 
[ 2019-05-31 20:39:05 ] INFO CARTOLA_DADOS::obtem labels clubes 
[ 2019-05-31 20:39:05 ] INFO CARTOLA_DADOS::obtem scouts 
[ 2019-05-31 20:39:05 ] INFO CARTOLA_DADOS::obtem organiza dados atuais 
[ 2019-05-31 20:40:11 ] INFO FORECAST_CARTOLA::Prepara os dados das partidas 
[ 2019-05-31 20:40:12 ] INFO FORECAST_CARTOLA::Ajusta dados partidas 
[ 2019-05-31 20:40:12 ] INFO FORECAST_CARTOLA::Partidas atuais 
[ 2019-05-31 20:40:18 ] INFO FORECAST_CARTOLA::Prepara os dados 
[ 2019-05-31 20:40:18 ] INFO FORECAST_CARTOLA::Ler os dados 
[ 2019-05-31 20:40:18 ] INFO FORECAST_CARTOLA::partidas e classificacao 
[ 2019-05-31 20:40:18 ] INFO FORECAST_CARTOLA::jogadores, partidas e classificacao 
[ 2019-05-31 20:40:19 ] INFO FORECAST_CARTOLA::ajusta dados 
[ 2019-05-31 20:40:26 ] INFO FORECAST_CARTOLA::forca dos clubes 
[ 2019-05-31 20:40:26 ] INFO FORECAST_CARTOLA::forca dos clubes - ataque 
[ 2019-05-31 20:40:27 ] INFO FORECAST_CARTOLA::forca dos clubes - meio 
[ 2019-05-31 20:40:29 ] INFO FORECAST_CARTOLA::forca dos clubes - laterais 
[ 2019-05-31 20:40:29 ] INFO FORECAST_CARTOLA::forca dos clubes - zagueiros 
[ 2019-05-31 20:40:29 ] INFO FORECAST_CARTOLA::forca dos clubes - goleiros 
[ 2019-05-31 20:40:47 ] INFO FORECAST_CARTOLA::forecast atacantes 
[ 2019-05-31 20:40:47 ] INFO FORECAST_CARTOLA::filtra atacantes 
[ 2019-05-31 20:40:47 ] INFO FORECAST_CARTOLA::preparar dados forecast atacantes 
[ 2019-05-31 20:40:47 ] INFO FORECAST_CARTOLA::clusterizar atacantes 
[ 2019-05-31 20:40:47 ] INFO FORECAST_CARTOLA::dados das defasagens 
[ 2019-05-31 20:40:48 ] INFO FORECAST_CARTOLA::dados da forca do adversario 
[ 2019-05-31 20:40:48 ] INFO FORECAST_CARTOLA::obtem as previsoes 
[ 2019-05-31 20:41:02 ] INFO FORECAST_CARTOLA::forecast meias 
[ 2019-05-31 20:41:02 ] INFO FORECAST_CARTOLA::filtra meio-campo 
[ 2019-05-31 20:41:02 ] INFO FORECAST_CARTOLA::preparar dados forecast meio-campo 
[ 2019-05-31 20:41:02 ] INFO FORECAST_CARTOLA::clusterizar meias 
[ 2019-05-31 20:41:02 ] INFO FORECAST_CARTOLA::dados das defasagens 
[ 2019-05-31 20:41:02 ] INFO FORECAST_CARTOLA::dados da forca do adversario 
[ 2019-05-31 20:41:03 ] INFO FORECAST_CARTOLA::obtem as previsoes 
[ 2019-05-31 20:41:22 ] INFO FORECAST_CARTOLA::forecast laterais 
[ 2019-05-31 20:41:22 ] INFO FORECAST_CARTOLA::filtra meio-campo 
[ 2019-05-31 20:41:22 ] INFO FORECAST_CARTOLA::preparar dados forecast laterais 
[ 2019-05-31 20:41:22 ] INFO FORECAST_CARTOLA::clusterizar laterais 
[ 2019-05-31 20:41:22 ] INFO FORECAST_CARTOLA::dados das defasagens 
[ 2019-05-31 20:41:22 ] INFO FORECAST_CARTOLA::dados da forca do adversario 
[ 2019-05-31 20:41:22 ] INFO FORECAST_CARTOLA::obtem as previsoes 
[ 2019-05-31 20:41:46 ] INFO FORECAST_CARTOLA::forecast zagueiros 
[ 2019-05-31 20:41:46 ] INFO FORECAST_CARTOLA::filtra zagueiros 
[ 2019-05-31 20:41:46 ] INFO FORECAST_CARTOLA::preparar dados forecast zagueiros 
[ 2019-05-31 20:41:46 ] INFO FORECAST_CARTOLA::clusterizar zagueiros 
[ 2019-05-31 20:41:46 ] INFO FORECAST_CARTOLA::dados das defasagens 
[ 2019-05-31 20:41:46 ] INFO FORECAST_CARTOLA::dados da forca do adversario 
[ 2019-05-31 20:41:46 ] INFO FORECAST_CARTOLA::obtem as previsoes 
[ 2019-05-31 20:48:36 ] INFO FORECAST_CARTOLA::Prepara os dados dos jogadores 
[ 2019-05-31 20:48:38 ] INFO CARTOLA_DADOS::obtem informacoes gerais dos jogadores 
[ 2019-05-31 20:48:38 ] INFO CARTOLA_DADOS::obtem precos dos jogadores 
[ 2019-05-31 20:48:38 ] INFO CARTOLA_DADOS::obtem labels posicoes 
[ 2019-05-31 20:48:38 ] INFO CARTOLA_DADOS::obtem labels status 
[ 2019-05-31 20:48:38 ] INFO CARTOLA_DADOS::obtem labels clubes 
[ 2019-05-31 20:48:38 ] INFO CARTOLA_DADOS::obtem scouts 
[ 2019-05-31 20:48:38 ] INFO CARTOLA_DADOS::obtem organiza dados atuais 
[ 2019-05-31 20:48:38 ] INFO FORECAST_CARTOLA::Prepara os dados das partidas 
[ 2019-05-31 20:48:39 ] INFO FORECAST_CARTOLA::Ajusta dados partidas 
[ 2019-05-31 20:48:39 ] INFO FORECAST_CARTOLA::Partidas atuais 
[ 2019-05-31 20:48:39 ] INFO FORECAST_CARTOLA::Prepara os dados 
[ 2019-05-31 20:48:39 ] INFO FORECAST_CARTOLA::Ler os dados 
[ 2019-05-31 20:48:39 ] INFO FORECAST_CARTOLA::partidas e classificacao 
[ 2019-05-31 20:48:39 ] INFO FORECAST_CARTOLA::jogadores, partidas e classificacao 
[ 2019-05-31 20:48:39 ] INFO FORECAST_CARTOLA::ajusta dados 
[ 2019-05-31 20:48:40 ] INFO FORECAST_CARTOLA::forca dos clubes 
[ 2019-05-31 20:48:40 ] INFO FORECAST_CARTOLA::forca dos clubes - ataque 
[ 2019-05-31 20:48:42 ] INFO FORECAST_CARTOLA::forca dos clubes - meio 
[ 2019-05-31 20:48:43 ] INFO FORECAST_CARTOLA::forca dos clubes - laterais 
[ 2019-05-31 20:48:43 ] INFO FORECAST_CARTOLA::forca dos clubes - zagueiros 
[ 2019-05-31 20:48:43 ] INFO FORECAST_CARTOLA::forca dos clubes - goleiros 
[ 2019-05-31 20:48:44 ] INFO FORECAST_CARTOLA::forecast atacantes 
[ 2019-05-31 20:48:44 ] INFO FORECAST_CARTOLA::filtra atacantes 
[ 2019-05-31 20:48:44 ] INFO FORECAST_CARTOLA::preparar dados forecast atacantes 
[ 2019-05-31 20:48:44 ] INFO FORECAST_CARTOLA::clusterizar atacantes 
[ 2019-05-31 20:48:44 ] INFO FORECAST_CARTOLA::dados das defasagens 
[ 2019-05-31 20:48:44 ] INFO FORECAST_CARTOLA::dados da forca do adversario 
[ 2019-05-31 20:48:44 ] INFO FORECAST_CARTOLA::obtem as previsoes 
[ 2019-05-31 20:48:44 ] INFO FORECAST_CARTOLA::forecast meias 
[ 2019-05-31 20:48:44 ] INFO FORECAST_CARTOLA::filtra meio-campo 
[ 2019-05-31 20:48:44 ] INFO FORECAST_CARTOLA::preparar dados forecast meio-campo 
[ 2019-05-31 20:48:44 ] INFO FORECAST_CARTOLA::clusterizar meias 
[ 2019-05-31 20:48:44 ] INFO FORECAST_CARTOLA::dados das defasagens 
[ 2019-05-31 20:48:44 ] INFO FORECAST_CARTOLA::dados da forca do adversario 
[ 2019-05-31 20:48:44 ] INFO FORECAST_CARTOLA::obtem as previsoes 
[ 2019-05-31 20:48:44 ] INFO FORECAST_CARTOLA::forecast laterais 
[ 2019-05-31 20:48:44 ] INFO FORECAST_CARTOLA::filtra meio-campo 
[ 2019-05-31 20:48:44 ] INFO FORECAST_CARTOLA::preparar dados forecast laterais 
[ 2019-05-31 20:48:44 ] INFO FORECAST_CARTOLA::clusterizar laterais 
[ 2019-05-31 20:48:44 ] INFO FORECAST_CARTOLA::dados das defasagens 
[ 2019-05-31 20:48:44 ] INFO FORECAST_CARTOLA::dados da forca do adversario 
[ 2019-05-31 20:48:44 ] INFO FORECAST_CARTOLA::obtem as previsoes 
[ 2019-05-31 20:48:44 ] INFO FORECAST_CARTOLA::forecast zagueiros 
[ 2019-05-31 20:48:44 ] INFO FORECAST_CARTOLA::filtra zagueiros 
[ 2019-05-31 20:48:44 ] INFO FORECAST_CARTOLA::preparar dados forecast zagueiros 
[ 2019-05-31 20:48:44 ] INFO FORECAST_CARTOLA::clusterizar zagueiros 
[ 2019-05-31 20:48:44 ] INFO FORECAST_CARTOLA::dados das defasagens 
[ 2019-05-31 20:48:44 ] INFO FORECAST_CARTOLA::dados da forca do adversario 
[ 2019-05-31 20:48:44 ] INFO FORECAST_CARTOLA::obtem as previsoes 
[ 2019-05-31 20:48:44 ] INFO FORECAST_CARTOLA::forecast goleiros 
[ 2019-05-31 20:48:44 ] INFO FORECAST_CARTOLA::filtra goleiros 
[ 2019-05-31 20:48:44 ] INFO FORECAST_CARTOLA::preparar dados forecast goleiros 
[ 2019-05-31 20:48:44 ] INFO FORECAST_CARTOLA::clusterizar goleiros 
[ 2019-05-31 20:48:44 ] INFO FORECAST_CARTOLA::dados das defasagens 
[ 2019-05-31 20:48:44 ] INFO FORECAST_CARTOLA::dados da forca do adversario 
[ 2019-05-31 20:48:44 ] INFO FORECAST_CARTOLA::obtem as previsoes 
[ 2019-05-31 20:48:44 ] INFO FORECAST_CARTOLA::forecast treinadores 
[ 2019-05-31 20:57:15 ] INFO FORECAST_CARTOLA::Prepara os dados dos jogadores 
[ 2019-05-31 20:57:17 ] INFO CARTOLA_DADOS::obtem informacoes gerais dos jogadores 
[ 2019-05-31 20:57:17 ] INFO CARTOLA_DADOS::obtem precos dos jogadores 
[ 2019-05-31 20:57:17 ] INFO CARTOLA_DADOS::obtem labels posicoes 
[ 2019-05-31 20:57:17 ] INFO CARTOLA_DADOS::obtem labels status 
[ 2019-05-31 20:57:17 ] INFO CARTOLA_DADOS::obtem labels clubes 
[ 2019-05-31 20:57:17 ] INFO CARTOLA_DADOS::obtem scouts 
[ 2019-05-31 20:57:17 ] INFO CARTOLA_DADOS::obtem organiza dados atuais 
[ 2019-05-31 20:57:17 ] INFO FORECAST_CARTOLA::Prepara os dados das partidas 
[ 2019-05-31 20:57:18 ] INFO FORECAST_CARTOLA::Ajusta dados partidas 
[ 2019-05-31 20:57:18 ] INFO FORECAST_CARTOLA::Partidas atuais 
[ 2019-05-31 20:57:18 ] INFO FORECAST_CARTOLA::Prepara os dados 
[ 2019-05-31 20:57:18 ] INFO FORECAST_CARTOLA::Ler os dados 
[ 2019-05-31 20:57:18 ] INFO FORECAST_CARTOLA::partidas e classificacao 
[ 2019-05-31 20:57:18 ] INFO FORECAST_CARTOLA::jogadores, partidas e classificacao 
[ 2019-05-31 20:57:18 ] INFO FORECAST_CARTOLA::ajusta dados 
[ 2019-05-31 20:57:19 ] INFO FORECAST_CARTOLA::forca dos clubes 
[ 2019-05-31 20:57:19 ] INFO FORECAST_CARTOLA::forca dos clubes - ataque 
[ 2019-05-31 20:57:21 ] INFO FORECAST_CARTOLA::forca dos clubes - meio 
[ 2019-05-31 20:57:22 ] INFO FORECAST_CARTOLA::forca dos clubes - laterais 
[ 2019-05-31 20:57:22 ] INFO FORECAST_CARTOLA::forca dos clubes - zagueiros 
[ 2019-05-31 20:57:22 ] INFO FORECAST_CARTOLA::forca dos clubes - goleiros 
[ 2019-05-31 20:57:23 ] INFO FORECAST_CARTOLA::forecast atacantes 
[ 2019-05-31 20:57:23 ] INFO FORECAST_CARTOLA::filtra atacantes 
[ 2019-05-31 20:57:23 ] INFO FORECAST_CARTOLA::preparar dados forecast atacantes 
[ 2019-05-31 20:57:23 ] INFO FORECAST_CARTOLA::clusterizar atacantes 
[ 2019-05-31 20:57:23 ] INFO FORECAST_CARTOLA::dados das defasagens 
[ 2019-05-31 20:57:23 ] INFO FORECAST_CARTOLA::dados da forca do adversario 
[ 2019-05-31 20:57:23 ] INFO FORECAST_CARTOLA::obtem as previsoes 
[ 2019-05-31 20:57:23 ] INFO FORECAST_CARTOLA::forecast meias 
[ 2019-05-31 20:57:23 ] INFO FORECAST_CARTOLA::filtra meio-campo 
[ 2019-05-31 20:57:23 ] INFO FORECAST_CARTOLA::preparar dados forecast meio-campo 
[ 2019-05-31 20:57:23 ] INFO FORECAST_CARTOLA::clusterizar meias 
[ 2019-05-31 20:57:23 ] INFO FORECAST_CARTOLA::dados das defasagens 
[ 2019-05-31 20:57:23 ] INFO FORECAST_CARTOLA::dados da forca do adversario 
[ 2019-05-31 20:57:23 ] INFO FORECAST_CARTOLA::obtem as previsoes 
[ 2019-05-31 20:57:23 ] INFO FORECAST_CARTOLA::forecast laterais 
[ 2019-05-31 20:57:23 ] INFO FORECAST_CARTOLA::filtra meio-campo 
[ 2019-05-31 20:57:23 ] INFO FORECAST_CARTOLA::preparar dados forecast laterais 
[ 2019-05-31 20:57:23 ] INFO FORECAST_CARTOLA::clusterizar laterais 
[ 2019-05-31 20:57:23 ] INFO FORECAST_CARTOLA::dados das defasagens 
[ 2019-05-31 20:57:23 ] INFO FORECAST_CARTOLA::dados da forca do adversario 
[ 2019-05-31 20:57:23 ] INFO FORECAST_CARTOLA::obtem as previsoes 
[ 2019-05-31 20:57:23 ] INFO FORECAST_CARTOLA::forecast zagueiros 
[ 2019-05-31 20:57:23 ] INFO FORECAST_CARTOLA::filtra zagueiros 
[ 2019-05-31 20:57:23 ] INFO FORECAST_CARTOLA::preparar dados forecast zagueiros 
[ 2019-05-31 20:57:23 ] INFO FORECAST_CARTOLA::clusterizar zagueiros 
[ 2019-05-31 20:57:23 ] INFO FORECAST_CARTOLA::dados das defasagens 
[ 2019-05-31 20:57:23 ] INFO FORECAST_CARTOLA::dados da forca do adversario 
[ 2019-05-31 20:57:23 ] INFO FORECAST_CARTOLA::obtem as previsoes 
[ 2019-05-31 20:57:23 ] INFO FORECAST_CARTOLA::forecast goleiros 
[ 2019-05-31 20:57:23 ] INFO FORECAST_CARTOLA::filtra goleiros 
[ 2019-05-31 20:57:23 ] INFO FORECAST_CARTOLA::preparar dados forecast goleiros 
[ 2019-05-31 20:57:23 ] INFO FORECAST_CARTOLA::clusterizar goleiros 
[ 2019-05-31 20:57:23 ] INFO FORECAST_CARTOLA::dados das defasagens 
[ 2019-05-31 20:57:23 ] INFO FORECAST_CARTOLA::dados da forca do adversario 
[ 2019-05-31 20:57:23 ] INFO FORECAST_CARTOLA::obtem as previsoes 
[ 2019-05-31 20:57:23 ] INFO FORECAST_CARTOLA::forecast treinadores 
[ 2019-05-31 21:39:49 ] INFO FORECAST_CARTOLA::Prepara os dados dos jogadores 
[ 2019-05-31 21:39:51 ] INFO CARTOLA_DADOS::obtem informacoes gerais dos jogadores 
[ 2019-05-31 21:39:51 ] INFO CARTOLA_DADOS::obtem precos dos jogadores 
[ 2019-05-31 21:39:51 ] INFO CARTOLA_DADOS::obtem labels posicoes 
[ 2019-05-31 21:39:51 ] INFO CARTOLA_DADOS::obtem labels status 
[ 2019-05-31 21:39:51 ] INFO CARTOLA_DADOS::obtem labels clubes 
[ 2019-05-31 21:39:51 ] INFO CARTOLA_DADOS::obtem scouts 
[ 2019-05-31 21:39:51 ] INFO CARTOLA_DADOS::obtem organiza dados atuais 
[ 2019-05-31 21:39:51 ] INFO FORECAST_CARTOLA::Prepara os dados das partidas 
[ 2019-05-31 21:39:52 ] INFO FORECAST_CARTOLA::Ajusta dados partidas 
[ 2019-05-31 21:39:52 ] INFO FORECAST_CARTOLA::Partidas atuais 
[ 2019-05-31 21:39:52 ] INFO FORECAST_CARTOLA::Prepara os dados 
[ 2019-05-31 21:39:52 ] INFO FORECAST_CARTOLA::Ler os dados 
[ 2019-05-31 21:39:52 ] INFO FORECAST_CARTOLA::partidas e classificacao 
[ 2019-05-31 21:39:52 ] INFO FORECAST_CARTOLA::jogadores, partidas e classificacao 
[ 2019-05-31 21:39:52 ] INFO FORECAST_CARTOLA::ajusta dados 
[ 2019-05-31 21:39:53 ] INFO FORECAST_CARTOLA::forca dos clubes 
[ 2019-05-31 21:39:53 ] INFO FORECAST_CARTOLA::forca dos clubes - ataque 
[ 2019-05-31 21:39:55 ] INFO FORECAST_CARTOLA::forca dos clubes - meio 
[ 2019-05-31 21:39:57 ] INFO FORECAST_CARTOLA::forca dos clubes - laterais 
[ 2019-05-31 21:39:57 ] INFO FORECAST_CARTOLA::forca dos clubes - zagueiros 
[ 2019-05-31 21:39:57 ] INFO FORECAST_CARTOLA::forca dos clubes - goleiros 
[ 2019-05-31 21:39:57 ] INFO FORECAST_CARTOLA::forecast atacantes 
[ 2019-05-31 21:39:57 ] INFO FORECAST_CARTOLA::filtra atacantes 
[ 2019-05-31 21:39:57 ] INFO FORECAST_CARTOLA::preparar dados forecast atacantes 
[ 2019-05-31 21:39:57 ] INFO FORECAST_CARTOLA::clusterizar atacantes 
[ 2019-05-31 21:39:57 ] INFO FORECAST_CARTOLA::dados das defasagens 
[ 2019-05-31 21:39:57 ] INFO FORECAST_CARTOLA::dados da forca do adversario 
[ 2019-05-31 21:39:57 ] INFO FORECAST_CARTOLA::obtem as previsoes 
[ 2019-05-31 21:39:57 ] INFO FORECAST_CARTOLA::forecast meias 
[ 2019-05-31 21:39:57 ] INFO FORECAST_CARTOLA::filtra meio-campo 
[ 2019-05-31 21:39:57 ] INFO FORECAST_CARTOLA::preparar dados forecast meio-campo 
[ 2019-05-31 21:39:57 ] INFO FORECAST_CARTOLA::clusterizar meias 
[ 2019-05-31 21:39:57 ] INFO FORECAST_CARTOLA::dados das defasagens 
[ 2019-05-31 21:39:57 ] INFO FORECAST_CARTOLA::dados da forca do adversario 
[ 2019-05-31 21:39:57 ] INFO FORECAST_CARTOLA::obtem as previsoes 
[ 2019-05-31 21:39:57 ] INFO FORECAST_CARTOLA::forecast laterais 
[ 2019-05-31 21:39:57 ] INFO FORECAST_CARTOLA::filtra meio-campo 
[ 2019-05-31 21:39:57 ] INFO FORECAST_CARTOLA::preparar dados forecast laterais 
[ 2019-05-31 21:39:57 ] INFO FORECAST_CARTOLA::clusterizar laterais 
[ 2019-05-31 21:39:57 ] INFO FORECAST_CARTOLA::dados das defasagens 
[ 2019-05-31 21:39:57 ] INFO FORECAST_CARTOLA::dados da forca do adversario 
[ 2019-05-31 21:39:57 ] INFO FORECAST_CARTOLA::obtem as previsoes 
[ 2019-05-31 21:39:57 ] INFO FORECAST_CARTOLA::forecast zagueiros 
[ 2019-05-31 21:39:57 ] INFO FORECAST_CARTOLA::filtra zagueiros 
[ 2019-05-31 21:39:57 ] INFO FORECAST_CARTOLA::preparar dados forecast zagueiros 
[ 2019-05-31 21:39:57 ] INFO FORECAST_CARTOLA::clusterizar zagueiros 
[ 2019-05-31 21:39:58 ] INFO FORECAST_CARTOLA::dados das defasagens 
[ 2019-05-31 21:39:58 ] INFO FORECAST_CARTOLA::dados da forca do adversario 
[ 2019-05-31 21:39:58 ] INFO FORECAST_CARTOLA::obtem as previsoes 
[ 2019-05-31 21:39:58 ] INFO FORECAST_CARTOLA::forecast goleiros 
[ 2019-05-31 21:39:58 ] INFO FORECAST_CARTOLA::filtra goleiros 
[ 2019-05-31 21:39:58 ] INFO FORECAST_CARTOLA::preparar dados forecast goleiros 
[ 2019-05-31 21:39:58 ] INFO FORECAST_CARTOLA::clusterizar goleiros 
[ 2019-05-31 21:39:58 ] INFO FORECAST_CARTOLA::dados das defasagens 
[ 2019-05-31 21:39:58 ] INFO FORECAST_CARTOLA::dados da forca do adversario 
[ 2019-05-31 21:39:58 ] INFO FORECAST_CARTOLA::obtem as previsoes 
[ 2019-05-31 21:39:58 ] INFO FORECAST_CARTOLA::forecast treinadores 
[ 2019-05-31 21:39:58 ] INFO FORECAST_CARTOLA::forecast de todos os jogadores 
[ 2019-05-31 22:44:03 ] INFO FORECAST_CARTOLA::Prepara os dados dos jogadores 
[ 2019-05-31 22:44:04 ] INFO CARTOLA_DADOS::obtem informacoes gerais dos jogadores 
[ 2019-05-31 22:44:04 ] INFO CARTOLA_DADOS::obtem precos dos jogadores 
[ 2019-05-31 22:44:04 ] INFO CARTOLA_DADOS::obtem labels posicoes 
[ 2019-05-31 22:44:04 ] INFO CARTOLA_DADOS::obtem labels status 
[ 2019-05-31 22:44:04 ] INFO CARTOLA_DADOS::obtem labels clubes 
[ 2019-05-31 22:44:04 ] INFO CARTOLA_DADOS::obtem scouts 
[ 2019-05-31 22:44:04 ] INFO CARTOLA_DADOS::obtem organiza dados atuais 
[ 2019-05-31 22:44:04 ] INFO FORECAST_CARTOLA::Prepara os dados das partidas 
[ 2019-05-31 22:44:05 ] INFO FORECAST_CARTOLA::Ajusta dados partidas 
[ 2019-05-31 22:44:05 ] INFO FORECAST_CARTOLA::Partidas atuais 
[ 2019-05-31 22:44:05 ] INFO FORECAST_CARTOLA::Prepara os dados 
[ 2019-05-31 22:44:05 ] INFO FORECAST_CARTOLA::Ler os dados 
[ 2019-05-31 22:44:06 ] INFO FORECAST_CARTOLA::partidas e classificacao 
[ 2019-05-31 22:44:06 ] INFO FORECAST_CARTOLA::jogadores, partidas e classificacao 
[ 2019-05-31 22:44:06 ] INFO FORECAST_CARTOLA::ajusta dados 
[ 2019-05-31 22:44:07 ] INFO FORECAST_CARTOLA::forca dos clubes 
[ 2019-05-31 22:44:07 ] INFO FORECAST_CARTOLA::forca dos clubes - ataque 
[ 2019-05-31 22:44:08 ] INFO FORECAST_CARTOLA::forca dos clubes - meio 
[ 2019-05-31 22:44:09 ] INFO FORECAST_CARTOLA::forca dos clubes - laterais 
[ 2019-05-31 22:44:09 ] INFO FORECAST_CARTOLA::forca dos clubes - zagueiros 
[ 2019-05-31 22:44:09 ] INFO FORECAST_CARTOLA::forca dos clubes - goleiros 
[ 2019-05-31 22:44:09 ] INFO FORECAST_CARTOLA::forecast atacantes 
[ 2019-05-31 22:44:09 ] INFO FORECAST_CARTOLA::filtra atacantes 
[ 2019-05-31 22:44:09 ] INFO FORECAST_CARTOLA::preparar dados forecast atacantes 
[ 2019-05-31 22:44:09 ] INFO FORECAST_CARTOLA::clusterizar atacantes 
[ 2019-05-31 22:44:09 ] INFO FORECAST_CARTOLA::dados das defasagens 
[ 2019-05-31 22:44:09 ] INFO FORECAST_CARTOLA::dados da forca do adversario 
[ 2019-05-31 22:44:09 ] INFO FORECAST_CARTOLA::obtem as previsoes 
[ 2019-05-31 22:44:09 ] INFO FORECAST_CARTOLA::forecast meias 
[ 2019-05-31 22:44:09 ] INFO FORECAST_CARTOLA::filtra meio-campo 
[ 2019-05-31 22:44:10 ] INFO FORECAST_CARTOLA::preparar dados forecast meio-campo 
[ 2019-05-31 22:44:10 ] INFO FORECAST_CARTOLA::clusterizar meias 
[ 2019-05-31 22:44:10 ] INFO FORECAST_CARTOLA::dados das defasagens 
[ 2019-05-31 22:44:10 ] INFO FORECAST_CARTOLA::dados da forca do adversario 
[ 2019-05-31 22:44:10 ] INFO FORECAST_CARTOLA::obtem as previsoes 
[ 2019-05-31 22:44:10 ] INFO FORECAST_CARTOLA::forecast laterais 
[ 2019-05-31 22:44:10 ] INFO FORECAST_CARTOLA::filtra meio-campo 
[ 2019-05-31 22:44:10 ] INFO FORECAST_CARTOLA::preparar dados forecast laterais 
[ 2019-05-31 22:44:10 ] INFO FORECAST_CARTOLA::clusterizar laterais 
[ 2019-05-31 22:44:10 ] INFO FORECAST_CARTOLA::dados das defasagens 
[ 2019-05-31 22:44:10 ] INFO FORECAST_CARTOLA::dados da forca do adversario 
[ 2019-05-31 22:44:10 ] INFO FORECAST_CARTOLA::obtem as previsoes 
[ 2019-05-31 22:44:10 ] INFO FORECAST_CARTOLA::forecast zagueiros 
[ 2019-05-31 22:44:10 ] INFO FORECAST_CARTOLA::filtra zagueiros 
[ 2019-05-31 22:44:10 ] INFO FORECAST_CARTOLA::preparar dados forecast zagueiros 
[ 2019-05-31 22:44:10 ] INFO FORECAST_CARTOLA::clusterizar zagueiros 
[ 2019-05-31 22:44:10 ] INFO FORECAST_CARTOLA::dados das defasagens 
[ 2019-05-31 22:44:10 ] INFO FORECAST_CARTOLA::dados da forca do adversario 
[ 2019-05-31 22:44:10 ] INFO FORECAST_CARTOLA::obtem as previsoes 
[ 2019-05-31 22:44:10 ] INFO FORECAST_CARTOLA::forecast goleiros 
[ 2019-05-31 22:44:10 ] INFO FORECAST_CARTOLA::filtra goleiros 
[ 2019-05-31 22:44:10 ] INFO FORECAST_CARTOLA::preparar dados forecast goleiros 
[ 2019-05-31 22:44:10 ] INFO FORECAST_CARTOLA::clusterizar goleiros 
[ 2019-05-31 22:44:10 ] INFO FORECAST_CARTOLA::dados das defasagens 
[ 2019-05-31 22:44:10 ] INFO FORECAST_CARTOLA::dados da forca do adversario 
[ 2019-05-31 22:44:10 ] INFO FORECAST_CARTOLA::obtem as previsoes 
[ 2019-05-31 22:44:10 ] INFO FORECAST_CARTOLA::forecast treinadores 
[ 2019-05-31 22:44:10 ] INFO FORECAST_CARTOLA::forecast de todos os jogadores 
[ 2019-06-01 06:42:03 ] INFO FORECAST_CARTOLA::Prepara os dados dos jogadores 
[ 2019-06-01 06:42:04 ] INFO CARTOLA_DADOS::obtem informacoes gerais dos jogadores 
[ 2019-06-01 06:42:04 ] INFO CARTOLA_DADOS::obtem precos dos jogadores 
[ 2019-06-01 06:42:04 ] INFO CARTOLA_DADOS::obtem labels posicoes 
[ 2019-06-01 06:42:04 ] INFO CARTOLA_DADOS::obtem labels status 
[ 2019-06-01 06:42:04 ] INFO CARTOLA_DADOS::obtem labels clubes 
[ 2019-06-01 06:42:04 ] INFO CARTOLA_DADOS::obtem scouts 
[ 2019-06-01 06:42:04 ] INFO CARTOLA_DADOS::obtem organiza dados atuais 
[ 2019-06-01 06:42:04 ] INFO FORECAST_CARTOLA::Prepara os dados das partidas 
[ 2019-06-01 06:42:05 ] INFO FORECAST_CARTOLA::Ajusta dados partidas 
[ 2019-06-01 06:42:05 ] INFO FORECAST_CARTOLA::Partidas atuais 
[ 2019-06-01 06:42:05 ] INFO FORECAST_CARTOLA::Prepara os dados 
[ 2019-06-01 06:42:05 ] INFO FORECAST_CARTOLA::Ler os dados 
[ 2019-06-01 06:42:06 ] INFO FORECAST_CARTOLA::partidas e classificacao 
[ 2019-06-01 06:42:06 ] INFO FORECAST_CARTOLA::jogadores, partidas e classificacao 
[ 2019-06-01 06:42:06 ] INFO FORECAST_CARTOLA::ajusta dados 
[ 2019-06-01 06:42:07 ] INFO FORECAST_CARTOLA::forca dos clubes 
[ 2019-06-01 06:42:07 ] INFO FORECAST_CARTOLA::forca dos clubes - ataque 
[ 2019-06-01 06:42:08 ] INFO FORECAST_CARTOLA::forca dos clubes - meio 
[ 2019-06-01 06:42:09 ] INFO FORECAST_CARTOLA::forca dos clubes - laterais 
[ 2019-06-01 06:42:09 ] INFO FORECAST_CARTOLA::forca dos clubes - zagueiros 
[ 2019-06-01 06:42:09 ] INFO FORECAST_CARTOLA::forca dos clubes - goleiros 
[ 2019-06-01 06:42:09 ] INFO FORECAST_CARTOLA::forecast atacantes 
[ 2019-06-01 06:42:09 ] INFO FORECAST_CARTOLA::filtra atacantes 
[ 2019-06-01 06:42:09 ] INFO FORECAST_CARTOLA::preparar dados forecast atacantes 
[ 2019-06-01 06:42:09 ] INFO FORECAST_CARTOLA::clusterizar atacantes 
[ 2019-06-01 06:42:09 ] INFO FORECAST_CARTOLA::dados das defasagens 
[ 2019-06-01 06:42:09 ] INFO FORECAST_CARTOLA::dados da forca do adversario 
[ 2019-06-01 06:42:09 ] INFO FORECAST_CARTOLA::obtem as previsoes 
[ 2019-06-01 06:42:09 ] INFO FORECAST_CARTOLA::forecast meias 
[ 2019-06-01 06:42:09 ] INFO FORECAST_CARTOLA::filtra meio-campo 
[ 2019-06-01 06:42:09 ] INFO FORECAST_CARTOLA::preparar dados forecast meio-campo 
[ 2019-06-01 06:42:09 ] INFO FORECAST_CARTOLA::clusterizar meias 
[ 2019-06-01 06:42:09 ] INFO FORECAST_CARTOLA::dados das defasagens 
[ 2019-06-01 06:42:09 ] INFO FORECAST_CARTOLA::dados da forca do adversario 
[ 2019-06-01 06:42:09 ] INFO FORECAST_CARTOLA::obtem as previsoes 
[ 2019-06-01 06:42:09 ] INFO FORECAST_CARTOLA::forecast laterais 
[ 2019-06-01 06:42:09 ] INFO FORECAST_CARTOLA::filtra meio-campo 
[ 2019-06-01 06:42:09 ] INFO FORECAST_CARTOLA::preparar dados forecast laterais 
[ 2019-06-01 06:42:09 ] INFO FORECAST_CARTOLA::clusterizar laterais 
[ 2019-06-01 06:42:09 ] INFO FORECAST_CARTOLA::dados das defasagens 
[ 2019-06-01 06:42:10 ] INFO FORECAST_CARTOLA::dados da forca do adversario 
[ 2019-06-01 06:42:10 ] INFO FORECAST_CARTOLA::obtem as previsoes 
[ 2019-06-01 06:42:10 ] INFO FORECAST_CARTOLA::forecast zagueiros 
[ 2019-06-01 06:42:10 ] INFO FORECAST_CARTOLA::filtra zagueiros 
[ 2019-06-01 06:42:10 ] INFO FORECAST_CARTOLA::preparar dados forecast zagueiros 
[ 2019-06-01 06:42:10 ] INFO FORECAST_CARTOLA::clusterizar zagueiros 
[ 2019-06-01 06:42:10 ] INFO FORECAST_CARTOLA::dados das defasagens 
[ 2019-06-01 06:42:10 ] INFO FORECAST_CARTOLA::dados da forca do adversario 
[ 2019-06-01 06:42:10 ] INFO FORECAST_CARTOLA::obtem as previsoes 
[ 2019-06-01 06:42:10 ] INFO FORECAST_CARTOLA::forecast goleiros 
[ 2019-06-01 06:42:10 ] INFO FORECAST_CARTOLA::filtra goleiros 
[ 2019-06-01 06:42:10 ] INFO FORECAST_CARTOLA::preparar dados forecast goleiros 
[ 2019-06-01 06:42:10 ] INFO FORECAST_CARTOLA::clusterizar goleiros 
[ 2019-06-01 06:42:10 ] INFO FORECAST_CARTOLA::dados das defasagens 
[ 2019-06-01 06:42:10 ] INFO FORECAST_CARTOLA::dados da forca do adversario 
[ 2019-06-01 06:42:10 ] INFO FORECAST_CARTOLA::obtem as previsoes 
[ 2019-06-01 06:42:10 ] INFO FORECAST_CARTOLA::forecast treinadores 
[ 2019-06-01 06:42:10 ] INFO FORECAST_CARTOLA::forecast de todos os jogadores 
[ 2019-06-04 06:42:02 ] INFO FORECAST_CARTOLA::Prepara os dados dos jogadores 
[ 2019-06-04 06:42:04 ] INFO CARTOLA_DADOS::obtem informacoes gerais dos jogadores 
[ 2019-06-04 06:42:04 ] INFO CARTOLA_DADOS::obtem precos dos jogadores 
[ 2019-06-04 06:42:04 ] INFO CARTOLA_DADOS::obtem labels posicoes 
[ 2019-06-04 06:42:04 ] INFO CARTOLA_DADOS::obtem labels status 
[ 2019-06-04 06:42:04 ] INFO CARTOLA_DADOS::obtem labels clubes 
[ 2019-06-04 06:42:04 ] INFO CARTOLA_DADOS::obtem scouts 
[ 2019-06-04 06:42:04 ] INFO CARTOLA_DADOS::obtem organiza dados atuais 
[ 2019-06-04 06:42:04 ] INFO FORECAST_CARTOLA::Prepara os dados das partidas 
[ 2019-06-04 06:42:05 ] INFO FORECAST_CARTOLA::Ajusta dados partidas 
[ 2019-06-04 06:42:05 ] INFO FORECAST_CARTOLA::Partidas atuais 
[ 2019-06-04 06:42:05 ] INFO FORECAST_CARTOLA::Prepara os dados 
[ 2019-06-04 06:42:05 ] INFO FORECAST_CARTOLA::Ler os dados 
[ 2019-06-04 06:42:05 ] INFO FORECAST_CARTOLA::partidas e classificacao 
[ 2019-06-04 06:42:06 ] INFO FORECAST_CARTOLA::jogadores, partidas e classificacao 
[ 2019-06-04 06:42:06 ] INFO FORECAST_CARTOLA::ajusta dados 
[ 2019-06-04 06:42:07 ] INFO FORECAST_CARTOLA::forca dos clubes 
[ 2019-06-04 06:42:07 ] INFO FORECAST_CARTOLA::forca dos clubes - ataque 
[ 2019-06-04 06:42:08 ] INFO FORECAST_CARTOLA::forca dos clubes - meio 
[ 2019-06-04 06:42:09 ] INFO FORECAST_CARTOLA::forca dos clubes - laterais 
[ 2019-06-04 06:42:09 ] INFO FORECAST_CARTOLA::forca dos clubes - zagueiros 
[ 2019-06-04 06:42:09 ] INFO FORECAST_CARTOLA::forca dos clubes - goleiros 
[ 2019-06-04 06:42:09 ] INFO FORECAST_CARTOLA::forecast atacantes 
[ 2019-06-04 06:42:09 ] INFO FORECAST_CARTOLA::filtra atacantes 
[ 2019-06-04 06:42:09 ] INFO FORECAST_CARTOLA::preparar dados forecast atacantes 
[ 2019-06-04 06:42:09 ] INFO FORECAST_CARTOLA::clusterizar atacantes 
[ 2019-06-04 06:42:09 ] INFO FORECAST_CARTOLA::dados das defasagens 
[ 2019-06-04 06:42:09 ] INFO FORECAST_CARTOLA::dados da forca do adversario 
[ 2019-06-04 06:42:09 ] INFO FORECAST_CARTOLA::obtem as previsoes 
[ 2019-06-04 06:42:09 ] INFO FORECAST_CARTOLA::forecast meias 
[ 2019-06-04 06:42:09 ] INFO FORECAST_CARTOLA::filtra meio-campo 
[ 2019-06-04 06:42:09 ] INFO FORECAST_CARTOLA::preparar dados forecast meio-campo 
[ 2019-06-04 06:42:09 ] INFO FORECAST_CARTOLA::clusterizar meias 
[ 2019-06-04 06:42:10 ] INFO FORECAST_CARTOLA::dados das defasagens 
[ 2019-06-04 06:42:10 ] INFO FORECAST_CARTOLA::dados da forca do adversario 
[ 2019-06-04 06:42:10 ] INFO FORECAST_CARTOLA::obtem as previsoes 
[ 2019-06-04 06:42:10 ] INFO FORECAST_CARTOLA::forecast laterais 
[ 2019-06-04 06:42:10 ] INFO FORECAST_CARTOLA::filtra meio-campo 
[ 2019-06-04 06:42:10 ] INFO FORECAST_CARTOLA::preparar dados forecast laterais 
[ 2019-06-04 06:42:10 ] INFO FORECAST_CARTOLA::clusterizar laterais 
[ 2019-06-04 06:42:10 ] INFO FORECAST_CARTOLA::dados das defasagens 
[ 2019-06-04 06:42:10 ] INFO FORECAST_CARTOLA::dados da forca do adversario 
[ 2019-06-04 06:42:10 ] INFO FORECAST_CARTOLA::obtem as previsoes 
[ 2019-06-04 06:42:10 ] INFO FORECAST_CARTOLA::forecast zagueiros 
[ 2019-06-04 06:42:10 ] INFO FORECAST_CARTOLA::filtra zagueiros 
[ 2019-06-04 06:42:10 ] INFO FORECAST_CARTOLA::preparar dados forecast zagueiros 
[ 2019-06-04 06:42:10 ] INFO FORECAST_CARTOLA::clusterizar zagueiros 
[ 2019-06-04 06:42:10 ] INFO FORECAST_CARTOLA::dados das defasagens 
[ 2019-06-04 06:42:10 ] INFO FORECAST_CARTOLA::dados da forca do adversario 
[ 2019-06-04 06:42:10 ] INFO FORECAST_CARTOLA::obtem as previsoes 
[ 2019-06-04 06:42:10 ] INFO FORECAST_CARTOLA::forecast goleiros 
[ 2019-06-04 06:42:10 ] INFO FORECAST_CARTOLA::filtra goleiros 
[ 2019-06-04 06:42:10 ] INFO FORECAST_CARTOLA::preparar dados forecast goleiros 
[ 2019-06-04 06:42:10 ] INFO FORECAST_CARTOLA::clusterizar goleiros 
[ 2019-06-04 06:42:10 ] INFO FORECAST_CARTOLA::dados das defasagens 
[ 2019-06-04 06:42:10 ] INFO FORECAST_CARTOLA::dados da forca do adversario 
[ 2019-06-04 06:42:10 ] INFO FORECAST_CARTOLA::obtem as previsoes 
[ 2019-06-04 06:42:10 ] INFO FORECAST_CARTOLA::forecast treinadores 
[ 2019-06-04 06:42:10 ] INFO FORECAST_CARTOLA::forecast de todos os jogadores 
