[ 2019-05-16 19:13:05 ] INFO MODELO_CARTOLA::Prepara os dados 
[ 2019-05-16 19:13:05 ] INFO MODELO_CARTOLA::Ler os dados 
[ 2019-05-16 19:13:06 ] INFO MODELO_CARTOLA::partidas e classificacao 
[ 2019-05-16 19:13:07 ] INFO MODELO_CARTOLA::jogadores, partidas e classificacao 
[ 2019-05-16 19:13:07 ] INFO MODELO_CARTOLA::ajusta dados 
[ 2019-05-16 19:25:58 ] INFO MODELO_CARTOLA::forca dos clubes 
[ 2019-05-16 19:25:58 ] INFO MODELO_CARTOLA::forca dos clubes - ataque 
[ 2019-05-16 19:25:59 ] INFO MODELO_CARTOLA::forca dos clubes - meio 
[ 2019-05-16 19:26:00 ] INFO MODELO_CARTOLA::forca dos clubes - laterais 
[ 2019-05-16 19:26:00 ] INFO MODELO_CARTOLA::forca dos clubes - zagueiros 
[ 2019-05-16 19:26:00 ] INFO MODELO_CARTOLA::forca dos clubes - goleiros 
[ 2019-05-16 20:22:50 ] INFO MODELO_CARTOLA::criar defasagens 
[ 2019-05-16 20:22:50 ] INFO MODELO_CARTOLA::variaveis da forca do adversario 
[ 2019-05-16 20:22:50 ] INFO MODELO_CARTOLA::dados treino 
[ 2019-05-16 20:22:51 ] INFO MODELO_CARTOLA::etapa de clustering iniciada 
[ 2019-05-17 16:25:11 ] INFO MODELO_CARTOLA::Prepara os dados 
[ 2019-05-17 16:25:11 ] INFO MODELO_CARTOLA::Ler os dados 
[ 2019-05-17 16:25:12 ] INFO MODELO_CARTOLA::partidas e classificacao 
[ 2019-05-17 16:25:12 ] INFO MODELO_CARTOLA::jogadores, partidas e classificacao 
[ 2019-05-17 16:25:12 ] INFO MODELO_CARTOLA::ajusta dados 
[ 2019-05-17 16:31:45 ] INFO MODELO_CARTOLA::forca dos clubes 
[ 2019-05-17 16:31:45 ] INFO MODELO_CARTOLA::forca dos clubes - ataque 
[ 2019-05-17 16:31:46 ] INFO MODELO_CARTOLA::forca dos clubes - meio 
[ 2019-05-17 16:31:47 ] INFO MODELO_CARTOLA::forca dos clubes - laterais 
[ 2019-05-17 16:31:47 ] INFO MODELO_CARTOLA::forca dos clubes - zagueiros 
[ 2019-05-17 16:31:47 ] INFO MODELO_CARTOLA::forca dos clubes - goleiros 
[ 2019-05-17 18:10:53 ] INFO MODELO_CARTOLA::criar defasagens 
[ 2019-05-17 18:10:53 ] INFO MODELO_CARTOLA::variaveis da forca do adversario 
[ 2019-05-17 18:27:57 ] INFO MODELO_CARTOLA::salva modelo zagueiros 
[ 2019-05-17 19:03:33 ] INFO MODELO_CARTOLA::Prepara os dados 
[ 2019-05-17 19:03:33 ] INFO MODELO_CARTOLA::Ler os dados 
[ 2019-05-17 19:03:33 ] INFO MODELO_CARTOLA::partidas e classificacao 
[ 2019-05-17 19:03:33 ] INFO MODELO_CARTOLA::jogadores, partidas e classificacao 
[ 2019-05-17 19:03:34 ] INFO MODELO_CARTOLA::ajusta dados 
[ 2019-05-17 19:03:34 ] INFO MODELO_CARTOLA::forca dos clubes 
[ 2019-05-17 19:03:34 ] INFO MODELO_CARTOLA::forca dos clubes - ataque 
[ 2019-05-17 19:03:35 ] INFO MODELO_CARTOLA::forca dos clubes - meio 
[ 2019-05-17 19:03:36 ] INFO MODELO_CARTOLA::forca dos clubes - laterais 
[ 2019-05-17 19:03:36 ] INFO MODELO_CARTOLA::forca dos clubes - zagueiros 
[ 2019-05-17 19:03:36 ] INFO MODELO_CARTOLA::forca dos clubes - goleiros 
[ 2019-05-17 19:03:36 ] INFO MODELO_CARTOLA::modelo atacantes 
[ 2019-05-17 19:03:36 ] INFO MODELO_CARTOLA::filtrar atacantes 
[ 2019-05-17 19:03:36 ] INFO MODELO_CARTOLA::criar defasagens 
[ 2019-05-17 19:03:36 ] INFO MODELO_CARTOLA::variaveis da forca do adversario 
[ 2019-05-17 19:03:36 ] INFO MODELO_CARTOLA::dados treino 
[ 2019-05-17 19:03:36 ] INFO MODELO_CARTOLA::etapa de clustering iniciada 
[ 2019-05-17 19:03:36 ] INFO MODELO_CARTOLA::obtem modelo 
[ 2019-05-17 19:03:36 ] INFO MODELO_CARTOLA::salva modelo ataque 
[ 2019-05-17 19:03:36 ] INFO MODELO_CARTOLA::modelo meio 
[ 2019-05-17 19:03:36 ] INFO MODELO_CARTOLA::filtra meio 
[ 2019-05-17 19:03:36 ] INFO MODELO_CARTOLA::criar defasagens 
[ 2019-05-17 19:03:36 ] INFO MODELO_CARTOLA::variaveis da forca do adversario 
[ 2019-05-17 19:03:36 ] INFO MODELO_CARTOLA::dados treino 
[ 2019-05-17 19:03:36 ] INFO CARTOLA_2017::etapa de clustering iniciada 
[ 2019-05-17 19:03:36 ] INFO MODELO_CARTOLA::obtem modelo 
[ 2019-05-17 19:03:36 ] INFO MODELO_CARTOLA::salva modelo meio 
[ 2019-05-17 19:03:36 ] INFO MODELO_CARTOLA::modelo laterais 
[ 2019-05-17 19:03:36 ] INFO MODELO_CARTOLA::filtra laterais 
[ 2019-05-17 19:03:36 ] INFO MODELO_CARTOLA::criar defasagens 
[ 2019-05-17 19:03:36 ] INFO MODELO_CARTOLA::variaveis da forca do adversario 
[ 2019-05-17 19:03:36 ] INFO MODELO_CARTOLA::dados treino 
[ 2019-05-17 19:03:36 ] INFO MODELO_CARTOLA::etapa de clustering iniciada 
[ 2019-05-17 19:03:36 ] INFO MODELO_CARTOLA::obtem modelo 
[ 2019-05-17 19:03:36 ] INFO CARTOLA_2017::salva modelo laterais 
[ 2019-05-17 19:03:36 ] INFO MODELO_CARTOLA::modelo zagueiros 
[ 2019-05-17 19:03:36 ] INFO MODELO_CARTOLA::filtra zagueiros 
[ 2019-05-17 19:03:36 ] INFO MODELO_CARTOLA::criar defasagens 
[ 2019-05-17 19:03:36 ] INFO MODELO_CARTOLA::variaveis da forca do adversario 
[ 2019-05-17 19:03:36 ] INFO MODELO_CARTOLA::dados treino 
[ 2019-05-17 19:03:36 ] INFO MODELO_CARTOLA::etapa de clustering iniciada 
[ 2019-05-17 19:03:36 ] INFO MODELO_CARTOLA::obtem modelo 
[ 2019-05-17 19:03:36 ] INFO MODELO_CARTOLA::salva modelo zagueiros 
[ 2019-05-17 19:03:36 ] INFO MODELO_CARTOLA::modelo goleiros 
[ 2019-05-17 19:03:36 ] INFO MODELO_CARTOLA::filtra goleiros 
[ 2019-05-17 19:03:36 ] INFO MODELO_CARTOLA::criar defasagens 
[ 2019-05-17 19:03:36 ] INFO MODELO_CARTOLA::variaveis da forca do adversario 
[ 2019-05-17 19:03:37 ] INFO MODELO_CARTOLA::dados treino 
[ 2019-05-17 19:03:37 ] INFO MODELO_CARTOLA::etapa de clustering iniciada 
[ 2019-05-17 19:03:37 ] INFO MODELO_CARTOLA::obtem modelo 
[ 2019-05-17 19:03:37 ] INFO MODELO_CARTOLA::salva modelo goleiros 
[ 2019-05-17 19:19:23 ] INFO MODELO_CARTOLA::Prepara os dados 
[ 2019-05-17 19:19:23 ] INFO MODELO_CARTOLA::Ler os dados 
[ 2019-05-17 19:19:24 ] INFO MODELO_CARTOLA::partidas e classificacao 
[ 2019-05-17 19:19:24 ] INFO MODELO_CARTOLA::jogadores, partidas e classificacao 
[ 2019-05-17 19:19:24 ] INFO MODELO_CARTOLA::ajusta dados 
[ 2019-05-17 19:19:25 ] INFO MODELO_CARTOLA::forca dos clubes 
[ 2019-05-17 19:19:25 ] INFO MODELO_CARTOLA::forca dos clubes - ataque 
[ 2019-05-17 19:19:26 ] INFO MODELO_CARTOLA::forca dos clubes - meio 
[ 2019-05-17 19:19:26 ] INFO MODELO_CARTOLA::forca dos clubes - laterais 
[ 2019-05-17 19:19:26 ] INFO MODELO_CARTOLA::forca dos clubes - zagueiros 
[ 2019-05-17 19:19:26 ] INFO MODELO_CARTOLA::forca dos clubes - goleiros 
[ 2019-05-17 19:19:26 ] INFO MODELO_CARTOLA::modelo atacantes 
[ 2019-05-17 19:19:26 ] INFO MODELO_CARTOLA::filtrar atacantes 
[ 2019-05-17 19:19:26 ] INFO MODELO_CARTOLA::criar defasagens 
[ 2019-05-17 19:19:26 ] INFO MODELO_CARTOLA::variaveis da forca do adversario 
[ 2019-05-17 19:19:26 ] INFO MODELO_CARTOLA::dados treino 
[ 2019-05-17 19:19:26 ] INFO MODELO_CARTOLA::etapa de clustering iniciada 
[ 2019-05-17 19:19:27 ] INFO MODELO_CARTOLA::obtem modelo 
[ 2019-05-17 19:19:27 ] INFO MODELO_CARTOLA::salva modelo ataque 
[ 2019-05-17 19:19:27 ] INFO MODELO_CARTOLA::modelo meio 
[ 2019-05-17 19:19:27 ] INFO MODELO_CARTOLA::filtra meio 
[ 2019-05-17 19:19:27 ] INFO MODELO_CARTOLA::criar defasagens 
[ 2019-05-17 19:19:27 ] INFO MODELO_CARTOLA::variaveis da forca do adversario 
[ 2019-05-17 19:19:27 ] INFO MODELO_CARTOLA::dados treino 
[ 2019-05-17 19:19:27 ] INFO CARTOLA_2017::etapa de clustering iniciada 
[ 2019-05-17 19:19:27 ] INFO MODELO_CARTOLA::obtem modelo 
[ 2019-05-17 19:19:27 ] INFO MODELO_CARTOLA::salva modelo meio 
[ 2019-05-17 19:19:27 ] INFO MODELO_CARTOLA::modelo laterais 
[ 2019-05-17 19:19:27 ] INFO MODELO_CARTOLA::filtra laterais 
[ 2019-05-17 19:19:27 ] INFO MODELO_CARTOLA::criar defasagens 
[ 2019-05-17 19:19:27 ] INFO MODELO_CARTOLA::variaveis da forca do adversario 
[ 2019-05-17 19:19:27 ] INFO MODELO_CARTOLA::dados treino 
[ 2019-05-17 19:19:27 ] INFO MODELO_CARTOLA::etapa de clustering iniciada 
[ 2019-05-17 19:19:27 ] INFO MODELO_CARTOLA::obtem modelo 
[ 2019-05-17 19:19:27 ] INFO CARTOLA_2017::salva modelo laterais 
[ 2019-05-17 19:19:27 ] INFO MODELO_CARTOLA::modelo zagueiros 
[ 2019-05-17 19:19:27 ] INFO MODELO_CARTOLA::filtra zagueiros 
[ 2019-05-17 19:19:27 ] INFO MODELO_CARTOLA::criar defasagens 
[ 2019-05-17 19:19:27 ] INFO MODELO_CARTOLA::variaveis da forca do adversario 
[ 2019-05-17 19:19:27 ] INFO MODELO_CARTOLA::dados treino 
[ 2019-05-17 19:19:27 ] INFO MODELO_CARTOLA::etapa de clustering iniciada 
[ 2019-05-17 19:19:27 ] INFO MODELO_CARTOLA::obtem modelo 
[ 2019-05-17 19:19:27 ] INFO MODELO_CARTOLA::salva modelo zagueiros 
[ 2019-05-17 19:19:27 ] INFO MODELO_CARTOLA::modelo goleiros 
[ 2019-05-17 19:19:27 ] INFO MODELO_CARTOLA::filtra goleiros 
[ 2019-05-17 19:19:27 ] INFO MODELO_CARTOLA::criar defasagens 
[ 2019-05-17 19:19:27 ] INFO MODELO_CARTOLA::variaveis da forca do adversario 
[ 2019-05-17 19:19:27 ] INFO MODELO_CARTOLA::dados treino 
[ 2019-05-17 19:19:27 ] INFO MODELO_CARTOLA::etapa de clustering iniciada 
[ 2019-05-17 19:19:27 ] INFO MODELO_CARTOLA::obtem modelo 
[ 2019-05-17 19:19:27 ] INFO MODELO_CARTOLA::salva modelo goleiros 
[ 2019-05-17 22:20:44 ] INFO MODELO_CARTOLA::Prepara os dados 
[ 2019-05-17 22:20:44 ] INFO MODELO_CARTOLA::Ler os dados 
[ 2019-05-17 22:20:44 ] INFO MODELO_CARTOLA::partidas e classificacao 
[ 2019-05-17 22:20:44 ] INFO MODELO_CARTOLA::jogadores, partidas e classificacao 
[ 2019-05-17 22:20:45 ] INFO MODELO_CARTOLA::ajusta dados 
[ 2019-05-17 22:20:45 ] INFO MODELO_CARTOLA::forca dos clubes 
[ 2019-05-17 22:20:45 ] INFO MODELO_CARTOLA::forca dos clubes - ataque 
[ 2019-05-17 22:20:46 ] INFO MODELO_CARTOLA::forca dos clubes - meio 
[ 2019-05-17 22:20:46 ] INFO MODELO_CARTOLA::forca dos clubes - laterais 
[ 2019-05-17 22:20:46 ] INFO MODELO_CARTOLA::forca dos clubes - zagueiros 
[ 2019-05-17 22:20:47 ] INFO MODELO_CARTOLA::forca dos clubes - goleiros 
[ 2019-05-17 22:20:47 ] INFO MODELO_CARTOLA::modelo atacantes 
[ 2019-05-17 22:20:47 ] INFO MODELO_CARTOLA::filtrar atacantes 
[ 2019-05-17 22:20:47 ] INFO MODELO_CARTOLA::criar defasagens 
[ 2019-05-17 22:20:47 ] INFO MODELO_CARTOLA::variaveis da forca do adversario 
[ 2019-05-17 22:20:47 ] INFO MODELO_CARTOLA::dados treino 
[ 2019-05-17 22:20:47 ] INFO MODELO_CARTOLA::etapa de clustering iniciada 
[ 2019-05-17 22:20:47 ] INFO MODELO_CARTOLA::obtem modelo 
[ 2019-05-17 22:20:47 ] INFO MODELO_CARTOLA::salva modelo ataque 
[ 2019-05-17 22:20:47 ] INFO MODELO_CARTOLA::modelo meio 
[ 2019-05-17 22:20:47 ] INFO MODELO_CARTOLA::filtra meio 
[ 2019-05-17 22:20:47 ] INFO MODELO_CARTOLA::criar defasagens 
[ 2019-05-17 22:20:47 ] INFO MODELO_CARTOLA::variaveis da forca do adversario 
[ 2019-05-17 22:20:47 ] INFO MODELO_CARTOLA::dados treino 
[ 2019-05-17 22:20:47 ] INFO CARTOLA_2017::etapa de clustering iniciada 
[ 2019-05-17 22:20:47 ] INFO MODELO_CARTOLA::obtem modelo 
[ 2019-05-17 22:20:47 ] INFO MODELO_CARTOLA::salva modelo meio 
[ 2019-05-17 22:20:47 ] INFO MODELO_CARTOLA::modelo laterais 
[ 2019-05-17 22:20:47 ] INFO MODELO_CARTOLA::filtra laterais 
[ 2019-05-17 22:20:47 ] INFO MODELO_CARTOLA::criar defasagens 
[ 2019-05-17 22:20:47 ] INFO MODELO_CARTOLA::variaveis da forca do adversario 
[ 2019-05-17 22:20:47 ] INFO MODELO_CARTOLA::dados treino 
[ 2019-05-17 22:20:47 ] INFO MODELO_CARTOLA::etapa de clustering iniciada 
[ 2019-05-17 22:20:47 ] INFO MODELO_CARTOLA::obtem modelo 
[ 2019-05-17 22:20:47 ] INFO CARTOLA_2017::salva modelo laterais 
[ 2019-05-17 22:20:47 ] INFO MODELO_CARTOLA::modelo zagueiros 
[ 2019-05-17 22:20:47 ] INFO MODELO_CARTOLA::filtra zagueiros 
[ 2019-05-17 22:20:47 ] INFO MODELO_CARTOLA::criar defasagens 
[ 2019-05-17 22:20:47 ] INFO MODELO_CARTOLA::variaveis da forca do adversario 
[ 2019-05-17 22:20:47 ] INFO MODELO_CARTOLA::dados treino 
[ 2019-05-17 22:20:47 ] INFO MODELO_CARTOLA::etapa de clustering iniciada 
[ 2019-05-17 22:20:47 ] INFO MODELO_CARTOLA::obtem modelo 
[ 2019-05-17 22:20:47 ] INFO MODELO_CARTOLA::salva modelo zagueiros 
[ 2019-05-17 22:20:47 ] INFO MODELO_CARTOLA::modelo goleiros 
[ 2019-05-17 22:20:47 ] INFO MODELO_CARTOLA::filtra goleiros 
[ 2019-05-17 22:20:47 ] INFO MODELO_CARTOLA::criar defasagens 
[ 2019-05-17 22:20:47 ] INFO MODELO_CARTOLA::variaveis da forca do adversario 
[ 2019-05-17 22:20:47 ] INFO MODELO_CARTOLA::dados treino 
[ 2019-05-17 22:20:47 ] INFO MODELO_CARTOLA::etapa de clustering iniciada 
[ 2019-05-17 22:20:48 ] INFO MODELO_CARTOLA::obtem modelo 
[ 2019-05-17 22:20:48 ] INFO MODELO_CARTOLA::salva modelo goleiros 
[ 2019-05-17 22:24:38 ] INFO MODELO_CARTOLA::Prepara os dados 
[ 2019-05-17 22:24:38 ] INFO MODELO_CARTOLA::Ler os dados 
[ 2019-05-17 22:24:38 ] INFO MODELO_CARTOLA::partidas e classificacao 
[ 2019-05-17 22:24:39 ] INFO MODELO_CARTOLA::jogadores, partidas e classificacao 
[ 2019-05-17 22:24:39 ] INFO MODELO_CARTOLA::ajusta dados 
[ 2019-05-17 22:24:40 ] INFO MODELO_CARTOLA::forca dos clubes 
[ 2019-05-17 22:24:40 ] INFO MODELO_CARTOLA::forca dos clubes - ataque 
[ 2019-05-17 22:24:40 ] INFO MODELO_CARTOLA::forca dos clubes - meio 
[ 2019-05-17 22:24:41 ] INFO MODELO_CARTOLA::forca dos clubes - laterais 
[ 2019-05-17 22:24:41 ] INFO MODELO_CARTOLA::forca dos clubes - zagueiros 
[ 2019-05-17 22:24:41 ] INFO MODELO_CARTOLA::forca dos clubes - goleiros 
[ 2019-05-17 22:24:41 ] INFO MODELO_CARTOLA::modelo atacantes 
[ 2019-05-17 22:24:41 ] INFO MODELO_CARTOLA::filtrar atacantes 
[ 2019-05-17 22:24:41 ] INFO MODELO_CARTOLA::criar defasagens 
[ 2019-05-17 22:24:41 ] INFO MODELO_CARTOLA::variaveis da forca do adversario 
[ 2019-05-17 22:24:41 ] INFO MODELO_CARTOLA::dados treino 
[ 2019-05-17 22:24:41 ] INFO MODELO_CARTOLA::etapa de clustering iniciada 
[ 2019-05-17 22:24:41 ] INFO MODELO_CARTOLA::obtem modelo 
[ 2019-05-17 22:24:41 ] INFO MODELO_CARTOLA::salva modelo ataque 
[ 2019-05-17 22:24:41 ] INFO MODELO_CARTOLA::modelo meio 
[ 2019-05-17 22:24:41 ] INFO MODELO_CARTOLA::filtra meio 
[ 2019-05-17 22:24:41 ] INFO MODELO_CARTOLA::criar defasagens 
[ 2019-05-17 22:24:41 ] INFO MODELO_CARTOLA::variaveis da forca do adversario 
[ 2019-05-17 22:24:41 ] INFO MODELO_CARTOLA::dados treino 
[ 2019-05-17 22:24:41 ] INFO CARTOLA_2017::etapa de clustering iniciada 
[ 2019-05-17 22:24:42 ] INFO MODELO_CARTOLA::obtem modelo 
[ 2019-05-17 22:24:42 ] INFO MODELO_CARTOLA::salva modelo meio 
[ 2019-05-17 22:24:42 ] INFO MODELO_CARTOLA::modelo laterais 
[ 2019-05-17 22:24:42 ] INFO MODELO_CARTOLA::filtra laterais 
[ 2019-05-17 22:24:42 ] INFO MODELO_CARTOLA::criar defasagens 
[ 2019-05-17 22:24:42 ] INFO MODELO_CARTOLA::variaveis da forca do adversario 
[ 2019-05-17 22:24:42 ] INFO MODELO_CARTOLA::dados treino 
[ 2019-05-17 22:24:42 ] INFO MODELO_CARTOLA::etapa de clustering iniciada 
[ 2019-05-17 22:24:42 ] INFO MODELO_CARTOLA::obtem modelo 
[ 2019-05-17 22:24:42 ] INFO CARTOLA_2017::salva modelo laterais 
[ 2019-05-17 22:24:42 ] INFO MODELO_CARTOLA::modelo zagueiros 
[ 2019-05-17 22:24:42 ] INFO MODELO_CARTOLA::filtra zagueiros 
[ 2019-05-17 22:24:42 ] INFO MODELO_CARTOLA::criar defasagens 
[ 2019-05-17 22:24:42 ] INFO MODELO_CARTOLA::variaveis da forca do adversario 
[ 2019-05-17 22:24:42 ] INFO MODELO_CARTOLA::dados treino 
[ 2019-05-17 22:24:42 ] INFO MODELO_CARTOLA::etapa de clustering iniciada 
[ 2019-05-17 22:24:42 ] INFO MODELO_CARTOLA::obtem modelo 
[ 2019-05-17 22:24:42 ] INFO MODELO_CARTOLA::salva modelo zagueiros 
[ 2019-05-17 22:24:42 ] INFO MODELO_CARTOLA::modelo goleiros 
[ 2019-05-17 22:24:42 ] INFO MODELO_CARTOLA::filtra goleiros 
[ 2019-05-17 22:24:42 ] INFO MODELO_CARTOLA::criar defasagens 
[ 2019-05-17 22:24:42 ] INFO MODELO_CARTOLA::variaveis da forca do adversario 
[ 2019-05-17 22:24:42 ] INFO MODELO_CARTOLA::dados treino 
[ 2019-05-17 22:24:42 ] INFO MODELO_CARTOLA::etapa de clustering iniciada 
[ 2019-05-17 22:24:42 ] INFO MODELO_CARTOLA::obtem modelo 
[ 2019-05-17 22:24:42 ] INFO MODELO_CARTOLA::salva modelo goleiros 
[ 2019-05-17 22:26:38 ] INFO MODELO_CARTOLA::Prepara os dados 
[ 2019-05-17 22:26:38 ] INFO MODELO_CARTOLA::Ler os dados 
[ 2019-05-17 22:26:38 ] INFO MODELO_CARTOLA::partidas e classificacao 
[ 2019-05-17 22:26:38 ] INFO MODELO_CARTOLA::jogadores, partidas e classificacao 
[ 2019-05-17 22:26:38 ] INFO MODELO_CARTOLA::ajusta dados 
[ 2019-05-17 22:26:39 ] INFO MODELO_CARTOLA::forca dos clubes 
[ 2019-05-17 22:26:39 ] INFO MODELO_CARTOLA::forca dos clubes - ataque 
[ 2019-05-17 22:26:40 ] INFO MODELO_CARTOLA::forca dos clubes - meio 
[ 2019-05-17 22:26:40 ] INFO MODELO_CARTOLA::forca dos clubes - laterais 
[ 2019-05-17 22:26:40 ] INFO MODELO_CARTOLA::forca dos clubes - zagueiros 
[ 2019-05-17 22:26:40 ] INFO MODELO_CARTOLA::forca dos clubes - goleiros 
[ 2019-05-17 22:26:40 ] INFO MODELO_CARTOLA::modelo atacantes 
[ 2019-05-17 22:26:40 ] INFO MODELO_CARTOLA::filtrar atacantes 
[ 2019-05-17 22:26:40 ] INFO MODELO_CARTOLA::criar defasagens 
[ 2019-05-17 22:26:40 ] INFO MODELO_CARTOLA::variaveis da forca do adversario 
[ 2019-05-17 22:26:40 ] INFO MODELO_CARTOLA::dados treino 
[ 2019-05-17 22:26:40 ] INFO MODELO_CARTOLA::etapa de clustering iniciada 
[ 2019-05-17 22:26:41 ] INFO MODELO_CARTOLA::obtem modelo 
[ 2019-05-17 22:26:41 ] INFO MODELO_CARTOLA::salva modelo ataque 
[ 2019-05-17 22:26:41 ] INFO MODELO_CARTOLA::modelo meio 
[ 2019-05-17 22:26:41 ] INFO MODELO_CARTOLA::filtra meio 
[ 2019-05-17 22:26:41 ] INFO MODELO_CARTOLA::criar defasagens 
[ 2019-05-17 22:26:41 ] INFO MODELO_CARTOLA::variaveis da forca do adversario 
[ 2019-05-17 22:26:41 ] INFO MODELO_CARTOLA::dados treino 
[ 2019-05-17 22:26:41 ] INFO CARTOLA_2017::etapa de clustering iniciada 
[ 2019-05-17 22:26:41 ] INFO MODELO_CARTOLA::obtem modelo 
[ 2019-05-17 22:26:41 ] INFO MODELO_CARTOLA::salva modelo meio 
[ 2019-05-17 22:26:41 ] INFO MODELO_CARTOLA::modelo laterais 
[ 2019-05-17 22:26:41 ] INFO MODELO_CARTOLA::filtra laterais 
[ 2019-05-17 22:26:41 ] INFO MODELO_CARTOLA::criar defasagens 
[ 2019-05-17 22:26:41 ] INFO MODELO_CARTOLA::variaveis da forca do adversario 
[ 2019-05-17 22:26:41 ] INFO MODELO_CARTOLA::dados treino 
[ 2019-05-17 22:26:41 ] INFO MODELO_CARTOLA::etapa de clustering iniciada 
[ 2019-05-17 22:26:41 ] INFO MODELO_CARTOLA::obtem modelo 
[ 2019-05-17 22:26:41 ] INFO CARTOLA_2017::salva modelo laterais 
[ 2019-05-17 22:26:41 ] INFO MODELO_CARTOLA::modelo zagueiros 
[ 2019-05-17 22:26:41 ] INFO MODELO_CARTOLA::filtra zagueiros 
[ 2019-05-17 22:26:41 ] INFO MODELO_CARTOLA::criar defasagens 
[ 2019-05-17 22:26:41 ] INFO MODELO_CARTOLA::variaveis da forca do adversario 
[ 2019-05-17 22:26:41 ] INFO MODELO_CARTOLA::dados treino 
[ 2019-05-17 22:26:41 ] INFO MODELO_CARTOLA::etapa de clustering iniciada 
[ 2019-05-17 22:26:41 ] INFO MODELO_CARTOLA::obtem modelo 
[ 2019-05-17 22:26:41 ] INFO MODELO_CARTOLA::salva modelo zagueiros 
[ 2019-05-17 22:26:41 ] INFO MODELO_CARTOLA::modelo goleiros 
[ 2019-05-17 22:26:41 ] INFO MODELO_CARTOLA::filtra goleiros 
[ 2019-05-17 22:26:41 ] INFO MODELO_CARTOLA::criar defasagens 
[ 2019-05-17 22:26:41 ] INFO MODELO_CARTOLA::variaveis da forca do adversario 
[ 2019-05-17 22:26:41 ] INFO MODELO_CARTOLA::dados treino 
[ 2019-05-17 22:26:41 ] INFO MODELO_CARTOLA::etapa de clustering iniciada 
[ 2019-05-17 22:26:41 ] INFO MODELO_CARTOLA::obtem modelo 
[ 2019-05-17 22:26:41 ] INFO MODELO_CARTOLA::salva modelo goleiros 
[ 2019-05-17 22:33:03 ] INFO MODELO_CARTOLA::Prepara os dados 
[ 2019-05-17 22:33:03 ] INFO MODELO_CARTOLA::Ler os dados 
[ 2019-05-17 22:33:03 ] INFO MODELO_CARTOLA::partidas e classificacao 
[ 2019-05-17 22:33:03 ] INFO MODELO_CARTOLA::jogadores, partidas e classificacao 
[ 2019-05-17 22:33:03 ] INFO MODELO_CARTOLA::ajusta dados 
[ 2019-05-17 22:33:04 ] INFO MODELO_CARTOLA::forca dos clubes 
[ 2019-05-17 22:33:04 ] INFO MODELO_CARTOLA::forca dos clubes - ataque 
[ 2019-05-17 22:33:05 ] INFO MODELO_CARTOLA::forca dos clubes - meio 
[ 2019-05-17 22:33:05 ] INFO MODELO_CARTOLA::forca dos clubes - laterais 
[ 2019-05-17 22:33:05 ] INFO MODELO_CARTOLA::forca dos clubes - zagueiros 
[ 2019-05-17 22:33:05 ] INFO MODELO_CARTOLA::forca dos clubes - goleiros 
[ 2019-05-17 22:33:05 ] INFO MODELO_CARTOLA::modelo atacantes 
[ 2019-05-17 22:33:05 ] INFO MODELO_CARTOLA::filtrar atacantes 
[ 2019-05-17 22:33:05 ] INFO MODELO_CARTOLA::criar defasagens 
[ 2019-05-17 22:33:05 ] INFO MODELO_CARTOLA::variaveis da forca do adversario 
[ 2019-05-17 22:33:05 ] INFO MODELO_CARTOLA::dados treino 
[ 2019-05-17 22:33:05 ] INFO MODELO_CARTOLA::etapa de clustering iniciada 
[ 2019-05-17 22:33:06 ] INFO MODELO_CARTOLA::obtem modelo 
[ 2019-05-17 22:33:06 ] INFO MODELO_CARTOLA::salva modelo ataque 
[ 2019-05-17 22:33:06 ] INFO MODELO_CARTOLA::modelo meio 
[ 2019-05-17 22:33:06 ] INFO MODELO_CARTOLA::filtra meio 
[ 2019-05-17 22:33:06 ] INFO MODELO_CARTOLA::criar defasagens 
[ 2019-05-17 22:33:06 ] INFO MODELO_CARTOLA::variaveis da forca do adversario 
[ 2019-05-17 22:33:06 ] INFO MODELO_CARTOLA::dados treino 
[ 2019-05-17 22:33:06 ] INFO CARTOLA_2017::etapa de clustering iniciada 
[ 2019-05-17 22:33:06 ] INFO MODELO_CARTOLA::obtem modelo 
[ 2019-05-17 22:33:06 ] INFO MODELO_CARTOLA::salva modelo meio 
[ 2019-05-17 22:33:06 ] INFO MODELO_CARTOLA::modelo laterais 
[ 2019-05-17 22:33:06 ] INFO MODELO_CARTOLA::filtra laterais 
[ 2019-05-17 22:33:06 ] INFO MODELO_CARTOLA::criar defasagens 
[ 2019-05-17 22:33:06 ] INFO MODELO_CARTOLA::variaveis da forca do adversario 
[ 2019-05-17 22:33:06 ] INFO MODELO_CARTOLA::dados treino 
[ 2019-05-17 22:33:06 ] INFO MODELO_CARTOLA::etapa de clustering iniciada 
[ 2019-05-17 22:33:06 ] INFO MODELO_CARTOLA::obtem modelo 
[ 2019-05-17 22:33:06 ] INFO CARTOLA_2017::salva modelo laterais 
[ 2019-05-17 22:33:06 ] INFO MODELO_CARTOLA::modelo zagueiros 
[ 2019-05-17 22:33:06 ] INFO MODELO_CARTOLA::filtra zagueiros 
[ 2019-05-17 22:33:06 ] INFO MODELO_CARTOLA::criar defasagens 
[ 2019-05-17 22:33:06 ] INFO MODELO_CARTOLA::variaveis da forca do adversario 
[ 2019-05-17 22:33:06 ] INFO MODELO_CARTOLA::dados treino 
[ 2019-05-17 22:33:06 ] INFO MODELO_CARTOLA::etapa de clustering iniciada 
[ 2019-05-17 22:33:06 ] INFO MODELO_CARTOLA::obtem modelo 
[ 2019-05-17 22:33:06 ] INFO MODELO_CARTOLA::salva modelo zagueiros 
[ 2019-05-17 22:33:06 ] INFO MODELO_CARTOLA::modelo goleiros 
[ 2019-05-17 22:33:06 ] INFO MODELO_CARTOLA::filtra goleiros 
[ 2019-05-17 22:33:06 ] INFO MODELO_CARTOLA::criar defasagens 
[ 2019-05-17 22:33:06 ] INFO MODELO_CARTOLA::variaveis da forca do adversario 
[ 2019-05-17 22:33:06 ] INFO MODELO_CARTOLA::dados treino 
[ 2019-05-17 22:33:06 ] INFO MODELO_CARTOLA::etapa de clustering iniciada 
[ 2019-05-17 22:33:06 ] INFO MODELO_CARTOLA::obtem modelo 
[ 2019-05-17 22:33:06 ] INFO MODELO_CARTOLA::salva modelo goleiros 
